#
# There is insufficient memory for the Java Runtime Environment to continue.
# Native memory allocation (mmap) failed to map 65536 bytes for Failed to commit metaspace.
# Possible reasons:
#   The system is out of physical RAM or swap space
#   The process is running with CompressedOops enabled, and the Java Heap may be blocking the growth of the native heap
# Possible solutions:
#   Reduce memory load on the system
#   Increase physical memory or swap space
#   Check if swap backing store is full
#   Decrease Java heap size (-Xmx/-Xms)
#   Decrease number of Java threads
#   Decrease Java thread stack sizes (-Xss)
#   Set larger code cache with -XX:ReservedCodeCacheSize=
#   JVM is running with Zero Based Compressed Oops mode in which the Java heap is
#     placed in the first 32GB address space. The Java Heap base address is the
#     maximum limit for the native heap growth. Please use -XX:HeapBaseMinAddress
#     to set the Java Heap base and to place the Java Heap above 32GB virtual address.
# This output file may be truncated or incomplete.
#
#  Out of Memory Error (virtualSpaceNode.cpp:110), pid=3764, tid=9696
#
# JRE version: Java(TM) SE Runtime Environment (17.0.12+8) (build 17.0.12+8-LTS-286)
# Java VM: Java HotSpot(TM) 64-Bit Server VM (17.0.12+8-LTS-286, mixed mode, sharing, tiered, compressed oops, compressed class ptrs, g1 gc, windows-amd64)
# No core dump will be written. Minidumps are not enabled by default on client versions of Windows
#

---------------  S U M M A R Y ------------

Command Line: -Dfile.encoding=UTF-8 -Ddb2.jcc.charsetDecoderEncoder=3 com.ibm.db2.server.DssLauncher 3000 off c:\Users\user\AppData\Roaming\Code\logs\20251008T113630\window3\exthost\IBM.db2forzosdeveloperextension -Xmx256M

Host: Intel(R) Core(TM) i5-6300U CPU @ 2.40GHz, 4 cores, 11G,  Windows 10 , 64 bit Build 19041 (10.0.19041.5915)
Time: Wed Oct  8 13:43:31 2025 South Africa Standard Time elapsed time: 0.583173 seconds (0d 0h 0m 0s)

---------------  T H R E A D  ---------------

Current thread (0x0000024715c6a540):  JavaThread "main" [_thread_in_vm, id=9696, stack(0x000000c4d6200000,0x000000c4d6300000)]

Stack: [0x000000c4d6200000,0x000000c4d6300000]
Native frames: (J=compiled Java code, j=interpreted, Vv=VM code, C=native code)
V  [jvm.dll+0x67a04a]
V  [jvm.dll+0x7da4ed]
V  [jvm.dll+0x7dbe33]
V  [jvm.dll+0x7dc4a3]
V  [jvm.dll+0x24508f]
V  [jvm.dll+0x7d60bb]
V  [jvm.dll+0x6206c6]
V  [jvm.dll+0x62072a]
V  [jvm.dll+0x622f4d]
V  [jvm.dll+0x621086]
V  [jvm.dll+0x23a821]
V  [jvm.dll+0x1e8e87]
V  [jvm.dll+0x1dea41]
V  [jvm.dll+0x53f78c]
V  [jvm.dll+0x1ef3ca]
V  [jvm.dll+0x7547ad]
V  [jvm.dll+0x755bc6]
V  [jvm.dll+0x755ef8]
V  [jvm.dll+0x23d13b]
V  [jvm.dll+0x37d08e]
C  0x0000024724a7b766

Java frames: (J=compiled Java code, j=interpreted, Vv=VM code)
j  java.security.AccessController.wrapException(Ljava/lang/Exception;)Ljava/security/PrivilegedActionException;+0 java.base@17.0.12
j  java.security.AccessController.doPrivileged(Ljava/security/PrivilegedExceptionAction;Ljava/security/AccessControlContext;)Ljava/lang/Object;+22 java.base@17.0.12
j  jdk.internal.loader.URLClassPath$JarLoader.ensureOpen()V+19 java.base@17.0.12
j  jdk.internal.loader.URLClassPath$JarLoader.<init>(Ljava/net/URL;Ljava/net/URLStreamHandler;Ljava/util/HashMap;Ljava/security/AccessControlContext;)V+63 java.base@17.0.12
j  jdk.internal.loader.URLClassPath$3.run()Ljdk/internal/loader/URLClassPath$Loader;+168 java.base@17.0.12
j  jdk.internal.loader.URLClassPath$3.run()Ljava/lang/Object;+1 java.base@17.0.12
j  java.security.AccessController.executePrivileged(Ljava/security/PrivilegedExceptionAction;Ljava/security/AccessControlContext;Ljava/lang/Class;)Ljava/lang/Object;+29 java.base@17.0.12
j  java.security.AccessController.doPrivileged(Ljava/security/PrivilegedExceptionAction;Ljava/security/AccessControlContext;)Ljava/lang/Object;+13 java.base@17.0.12
j  jdk.internal.loader.URLClassPath.getLoader(Ljava/net/URL;)Ljdk/internal/loader/URLClassPath$Loader;+13 java.base@17.0.12
j  jdk.internal.loader.URLClassPath.getLoader(I)Ljdk/internal/loader/URLClassPath$Loader;+81 java.base@17.0.12
j  jdk.internal.loader.URLClassPath$1.next()Z+24 java.base@17.0.12
j  jdk.internal.loader.URLClassPath$1.hasMoreElements()Z+1 java.base@17.0.12
j  jdk.internal.loader.BuiltinClassLoader$1.hasNext()Z+43 java.base@17.0.12
j  jdk.internal.loader.BuiltinClassLoader$1.hasMoreElements()Z+1 java.base@17.0.12
j  java.lang.CompoundEnumeration.next()Z+33 java.base@17.0.12
j  java.lang.CompoundEnumeration.hasMoreElements()Z+1 java.base@17.0.12
j  org.apache.logging.log4j.util.LoaderUtil.findUrlResources(Ljava/lang/String;)Ljava/util/Collection;+80
j  org.apache.logging.log4j.util.LoaderUtil.findResources(Ljava/lang/String;)Ljava/util/Collection;+1
j  org.apache.logging.log4j.util.PropertyFilePropertySource.loadPropertiesFile(Ljava/lang/String;)Ljava/util/Properties;+9
j  org.apache.logging.log4j.util.PropertyFilePropertySource.<init>(Ljava/lang/String;)V+2
j  org.apache.logging.log4j.util.PropertiesUtil.<init>(Ljava/lang/String;)V+14
j  org.apache.logging.log4j.util.PropertiesUtil.<clinit>()V+6
v  ~StubRoutines::call_stub
j  org.apache.logging.log4j.util.Strings.<clinit>()V+18
v  ~StubRoutines::call_stub
j  org.apache.logging.log4j.Level.<init>(Ljava/lang/String;I)V+5
j  org.apache.logging.log4j.Level.<clinit>()V+22
v  ~StubRoutines::call_stub
j  com.ibm.db2.server.DssLauncher.main([Ljava/lang/String;)V+14
v  ~StubRoutines::call_stub

---------------  P R O C E S S  ---------------

Threads class SMR info:
_java_thread_list=0x000002477b08c030, length=12, elements={
0x0000024715c6a540, 0x0000024735afa700, 0x0000024735afb580, 0x0000024735b0d350,
0x0000024735b10e30, 0x0000024735b117f0, 0x0000024735b121b0, 0x0000024735b12ea0,
0x0000024735b13950, 0x000002477b009af0, 0x000002477b0c4490, 0x000002477b0cede0
}

Java Threads: ( => current thread )
=>0x0000024715c6a540 JavaThread "main" [_thread_in_vm, id=9696, stack(0x000000c4d6200000,0x000000c4d6300000)]
  0x0000024735afa700 JavaThread "Reference Handler" daemon [_thread_blocked, id=12468, stack(0x000000c4d6900000,0x000000c4d6a00000)]
  0x0000024735afb580 JavaThread "Finalizer" daemon [_thread_blocked, id=12500, stack(0x000000c4d6a00000,0x000000c4d6b00000)]
  0x0000024735b0d350 JavaThread "Signal Dispatcher" daemon [_thread_blocked, id=16652, stack(0x000000c4d6b00000,0x000000c4d6c00000)]
  0x0000024735b10e30 JavaThread "Attach Listener" daemon [_thread_blocked, id=13392, stack(0x000000c4d6c00000,0x000000c4d6d00000)]
  0x0000024735b117f0 JavaThread "Service Thread" daemon [_thread_blocked, id=8956, stack(0x000000c4d6d00000,0x000000c4d6e00000)]
  0x0000024735b121b0 JavaThread "Monitor Deflation Thread" daemon [_thread_blocked, id=952, stack(0x000000c4d6e00000,0x000000c4d6f00000)]
  0x0000024735b12ea0 JavaThread "C2 CompilerThread0" daemon [_thread_blocked, id=18204, stack(0x000000c4d6f00000,0x000000c4d7000000)]
  0x0000024735b13950 JavaThread "C1 CompilerThread0" daemon [_thread_blocked, id=10672, stack(0x000000c4d7000000,0x000000c4d7100000)]
  0x000002477b009af0 JavaThread "Sweeper thread" daemon [_thread_blocked, id=5116, stack(0x000000c4d7100000,0x000000c4d7200000)]
  0x000002477b0c4490 JavaThread "Notification Thread" daemon [_thread_blocked, id=16556, stack(0x000000c4d7200000,0x000000c4d7300000)]
  0x000002477b0cede0 JavaThread "Common-Cleaner" daemon [_thread_blocked, id=13508, stack(0x000000c4d7400000,0x000000c4d7500000)]

Other Threads:
  0x0000024735af2a80 VMThread "VM Thread" [stack: 0x000000c4d6800000,0x000000c4d6900000] [id=4216]
  0x000002477b0c6980 WatcherThread [stack: 0x000000c4d7300000,0x000000c4d7400000] [id=10216]
  0x0000024715cc1170 GCTaskThread "GC Thread#0" [stack: 0x000000c4d6300000,0x000000c4d6400000] [id=17148]
  0x0000024715ccfef0 ConcurrentGCThread "G1 Main Marker" [stack: 0x000000c4d6400000,0x000000c4d6500000] [id=13556]
  0x0000024715cd0900 ConcurrentGCThread "G1 Conc#0" [stack: 0x000000c4d6500000,0x000000c4d6600000] [id=9588]
  0x0000024715d2ed20 ConcurrentGCThread "G1 Refine#0" [stack: 0x000000c4d6600000,0x000000c4d6700000] [id=7100]
  0x0000024715d2fb50 ConcurrentGCThread "G1 Service" [stack: 0x000000c4d6700000,0x000000c4d6800000] [id=11112]

Threads with active compile tasks:

VM state: not at safepoint (normal execution)

VM Mutex/Monitor currently owned by a thread:  ([mutex/lock_event])
[0x0000024715c63890] Metaspace_lock - owner thread: 0x0000024715c6a540

Heap address: 0x0000000741e00000, size: 3042 MB, Compressed Oops mode: Zero based, Oop shift amount: 3

CDS archive(s) mapped at: [0x0000024736000000-0x0000024736bd0000-0x0000024736bd0000), size 12386304, SharedBaseAddress: 0x0000024736000000, ArchiveRelocationMode: 1.
Compressed class space mapped at: 0x0000024737000000-0x0000024777000000, reserved size: 1073741824
Narrow klass base: 0x0000024736000000, Narrow klass shift: 0, Narrow klass range: 0x100000000

GC Precious Log:
 CPUs: 4 total, 4 available
 Memory: 12167M
 Large Page Support: Disabled
 NUMA Support: Disabled
 Compressed Oops: Enabled (Zero based)
 Heap Region Size: 2M
 Heap Min Capacity: 8M
 Heap Initial Capacity: 192M
 Heap Max Capacity: 3042M
 Pre-touch: Disabled
 Parallel Workers: 4
 Concurrent Workers: 1
 Concurrent Refinement Workers: 4
 Periodic GC: Disabled

Heap:
 garbage-first heap   total 196608K, used 2048K [0x0000000741e00000, 0x0000000800000000)
  region size 2048K, 2 young (4096K), 0 survivors (0K)
 Metaspace       used 343K, committed 512K, reserved 1114112K
  class space    used 21K, committed 128K, reserved 1048576K

Heap Regions: E=young(eden), S=young(survivor), O=old, HS=humongous(starts), HC=humongous(continues), CS=collection set, F=free, OA=open archive, CA=closed archive, TAMS=top-at-mark-start (previous, next)
|   0|0x0000000741e00000, 0x0000000741e00000, 0x0000000742000000|  0%| F|  |TAMS 0x0000000741e00000, 0x0000000741e00000| Untracked 
|   1|0x0000000742000000, 0x0000000742000000, 0x0000000742200000|  0%| F|  |TAMS 0x0000000742000000, 0x0000000742000000| Untracked 
|   2|0x0000000742200000, 0x0000000742200000, 0x0000000742400000|  0%| F|  |TAMS 0x0000000742200000, 0x0000000742200000| Untracked 
|   3|0x0000000742400000, 0x0000000742400000, 0x0000000742600000|  0%| F|  |TAMS 0x0000000742400000, 0x0000000742400000| Untracked 
|   4|0x0000000742600000, 0x0000000742600000, 0x0000000742800000|  0%| F|  |TAMS 0x0000000742600000, 0x0000000742600000| Untracked 
|   5|0x0000000742800000, 0x0000000742800000, 0x0000000742a00000|  0%| F|  |TAMS 0x0000000742800000, 0x0000000742800000| Untracked 
|   6|0x0000000742a00000, 0x0000000742a00000, 0x0000000742c00000|  0%| F|  |TAMS 0x0000000742a00000, 0x0000000742a00000| Untracked 
|   7|0x0000000742c00000, 0x0000000742c00000, 0x0000000742e00000|  0%| F|  |TAMS 0x0000000742c00000, 0x0000000742c00000| Untracked 
|   8|0x0000000742e00000, 0x0000000742e00000, 0x0000000743000000|  0%| F|  |TAMS 0x0000000742e00000, 0x0000000742e00000| Untracked 
|   9|0x0000000743000000, 0x0000000743000000, 0x0000000743200000|  0%| F|  |TAMS 0x0000000743000000, 0x0000000743000000| Untracked 
|  10|0x0000000743200000, 0x0000000743200000, 0x0000000743400000|  0%| F|  |TAMS 0x0000000743200000, 0x0000000743200000| Untracked 
|  11|0x0000000743400000, 0x0000000743400000, 0x0000000743600000|  0%| F|  |TAMS 0x0000000743400000, 0x0000000743400000| Untracked 
|  12|0x0000000743600000, 0x0000000743600000, 0x0000000743800000|  0%| F|  |TAMS 0x0000000743600000, 0x0000000743600000| Untracked 
|  13|0x0000000743800000, 0x0000000743800000, 0x0000000743a00000|  0%| F|  |TAMS 0x0000000743800000, 0x0000000743800000| Untracked 
|  14|0x0000000743a00000, 0x0000000743a00000, 0x0000000743c00000|  0%| F|  |TAMS 0x0000000743a00000, 0x0000000743a00000| Untracked 
|  15|0x0000000743c00000, 0x0000000743c00000, 0x0000000743e00000|  0%| F|  |TAMS 0x0000000743c00000, 0x0000000743c00000| Untracked 
|  16|0x0000000743e00000, 0x0000000743e00000, 0x0000000744000000|  0%| F|  |TAMS 0x0000000743e00000, 0x0000000743e00000| Untracked 
|  17|0x0000000744000000, 0x0000000744000000, 0x0000000744200000|  0%| F|  |TAMS 0x0000000744000000, 0x0000000744000000| Untracked 
|  18|0x0000000744200000, 0x0000000744200000, 0x0000000744400000|  0%| F|  |TAMS 0x0000000744200000, 0x0000000744200000| Untracked 
|  19|0x0000000744400000, 0x0000000744400000, 0x0000000744600000|  0%| F|  |TAMS 0x0000000744400000, 0x0000000744400000| Untracked 
|  20|0x0000000744600000, 0x0000000744600000, 0x0000000744800000|  0%| F|  |TAMS 0x0000000744600000, 0x0000000744600000| Untracked 
|  21|0x0000000744800000, 0x0000000744800000, 0x0000000744a00000|  0%| F|  |TAMS 0x0000000744800000, 0x0000000744800000| Untracked 
|  22|0x0000000744a00000, 0x0000000744a00000, 0x0000000744c00000|  0%| F|  |TAMS 0x0000000744a00000, 0x0000000744a00000| Untracked 
|  23|0x0000000744c00000, 0x0000000744c00000, 0x0000000744e00000|  0%| F|  |TAMS 0x0000000744c00000, 0x0000000744c00000| Untracked 
|  24|0x0000000744e00000, 0x0000000744e00000, 0x0000000745000000|  0%| F|  |TAMS 0x0000000744e00000, 0x0000000744e00000| Untracked 
|  25|0x0000000745000000, 0x0000000745000000, 0x0000000745200000|  0%| F|  |TAMS 0x0000000745000000, 0x0000000745000000| Untracked 
|  26|0x0000000745200000, 0x0000000745200000, 0x0000000745400000|  0%| F|  |TAMS 0x0000000745200000, 0x0000000745200000| Untracked 
|  27|0x0000000745400000, 0x0000000745400000, 0x0000000745600000|  0%| F|  |TAMS 0x0000000745400000, 0x0000000745400000| Untracked 
|  28|0x0000000745600000, 0x0000000745600000, 0x0000000745800000|  0%| F|  |TAMS 0x0000000745600000, 0x0000000745600000| Untracked 
|  29|0x0000000745800000, 0x0000000745800000, 0x0000000745a00000|  0%| F|  |TAMS 0x0000000745800000, 0x0000000745800000| Untracked 
|  30|0x0000000745a00000, 0x0000000745a00000, 0x0000000745c00000|  0%| F|  |TAMS 0x0000000745a00000, 0x0000000745a00000| Untracked 
|  31|0x0000000745c00000, 0x0000000745c00000, 0x0000000745e00000|  0%| F|  |TAMS 0x0000000745c00000, 0x0000000745c00000| Untracked 
|  32|0x0000000745e00000, 0x0000000745e00000, 0x0000000746000000|  0%| F|  |TAMS 0x0000000745e00000, 0x0000000745e00000| Untracked 
|  33|0x0000000746000000, 0x0000000746000000, 0x0000000746200000|  0%| F|  |TAMS 0x0000000746000000, 0x0000000746000000| Untracked 
|  34|0x0000000746200000, 0x0000000746200000, 0x0000000746400000|  0%| F|  |TAMS 0x0000000746200000, 0x0000000746200000| Untracked 
|  35|0x0000000746400000, 0x0000000746400000, 0x0000000746600000|  0%| F|  |TAMS 0x0000000746400000, 0x0000000746400000| Untracked 
|  36|0x0000000746600000, 0x0000000746600000, 0x0000000746800000|  0%| F|  |TAMS 0x0000000746600000, 0x0000000746600000| Untracked 
|  37|0x0000000746800000, 0x0000000746800000, 0x0000000746a00000|  0%| F|  |TAMS 0x0000000746800000, 0x0000000746800000| Untracked 
|  38|0x0000000746a00000, 0x0000000746a00000, 0x0000000746c00000|  0%| F|  |TAMS 0x0000000746a00000, 0x0000000746a00000| Untracked 
|  39|0x0000000746c00000, 0x0000000746c00000, 0x0000000746e00000|  0%| F|  |TAMS 0x0000000746c00000, 0x0000000746c00000| Untracked 
|  40|0x0000000746e00000, 0x0000000746e00000, 0x0000000747000000|  0%| F|  |TAMS 0x0000000746e00000, 0x0000000746e00000| Untracked 
|  41|0x0000000747000000, 0x0000000747000000, 0x0000000747200000|  0%| F|  |TAMS 0x0000000747000000, 0x0000000747000000| Untracked 
|  42|0x0000000747200000, 0x0000000747200000, 0x0000000747400000|  0%| F|  |TAMS 0x0000000747200000, 0x0000000747200000| Untracked 
|  43|0x0000000747400000, 0x0000000747400000, 0x0000000747600000|  0%| F|  |TAMS 0x0000000747400000, 0x0000000747400000| Untracked 
|  44|0x0000000747600000, 0x0000000747600000, 0x0000000747800000|  0%| F|  |TAMS 0x0000000747600000, 0x0000000747600000| Untracked 
|  45|0x0000000747800000, 0x0000000747800000, 0x0000000747a00000|  0%| F|  |TAMS 0x0000000747800000, 0x0000000747800000| Untracked 
|  46|0x0000000747a00000, 0x0000000747a00000, 0x0000000747c00000|  0%| F|  |TAMS 0x0000000747a00000, 0x0000000747a00000| Untracked 
|  47|0x0000000747c00000, 0x0000000747c00000, 0x0000000747e00000|  0%| F|  |TAMS 0x0000000747c00000, 0x0000000747c00000| Untracked 
|  48|0x0000000747e00000, 0x0000000747e00000, 0x0000000748000000|  0%| F|  |TAMS 0x0000000747e00000, 0x0000000747e00000| Untracked 
|  49|0x0000000748000000, 0x0000000748000000, 0x0000000748200000|  0%| F|  |TAMS 0x0000000748000000, 0x0000000748000000| Untracked 
|  50|0x0000000748200000, 0x0000000748200000, 0x0000000748400000|  0%| F|  |TAMS 0x0000000748200000, 0x0000000748200000| Untracked 
|  51|0x0000000748400000, 0x0000000748400000, 0x0000000748600000|  0%| F|  |TAMS 0x0000000748400000, 0x0000000748400000| Untracked 
|  52|0x0000000748600000, 0x0000000748600000, 0x0000000748800000|  0%| F|  |TAMS 0x0000000748600000, 0x0000000748600000| Untracked 
|  53|0x0000000748800000, 0x0000000748800000, 0x0000000748a00000|  0%| F|  |TAMS 0x0000000748800000, 0x0000000748800000| Untracked 
|  54|0x0000000748a00000, 0x0000000748a00000, 0x0000000748c00000|  0%| F|  |TAMS 0x0000000748a00000, 0x0000000748a00000| Untracked 
|  55|0x0000000748c00000, 0x0000000748c00000, 0x0000000748e00000|  0%| F|  |TAMS 0x0000000748c00000, 0x0000000748c00000| Untracked 
|  56|0x0000000748e00000, 0x0000000748e00000, 0x0000000749000000|  0%| F|  |TAMS 0x0000000748e00000, 0x0000000748e00000| Untracked 
|  57|0x0000000749000000, 0x0000000749000000, 0x0000000749200000|  0%| F|  |TAMS 0x0000000749000000, 0x0000000749000000| Untracked 
|  58|0x0000000749200000, 0x0000000749200000, 0x0000000749400000|  0%| F|  |TAMS 0x0000000749200000, 0x0000000749200000| Untracked 
|  59|0x0000000749400000, 0x0000000749400000, 0x0000000749600000|  0%| F|  |TAMS 0x0000000749400000, 0x0000000749400000| Untracked 
|  60|0x0000000749600000, 0x0000000749600000, 0x0000000749800000|  0%| F|  |TAMS 0x0000000749600000, 0x0000000749600000| Untracked 
|  61|0x0000000749800000, 0x0000000749800000, 0x0000000749a00000|  0%| F|  |TAMS 0x0000000749800000, 0x0000000749800000| Untracked 
|  62|0x0000000749a00000, 0x0000000749a00000, 0x0000000749c00000|  0%| F|  |TAMS 0x0000000749a00000, 0x0000000749a00000| Untracked 
|  63|0x0000000749c00000, 0x0000000749c00000, 0x0000000749e00000|  0%| F|  |TAMS 0x0000000749c00000, 0x0000000749c00000| Untracked 
|  64|0x0000000749e00000, 0x0000000749e00000, 0x000000074a000000|  0%| F|  |TAMS 0x0000000749e00000, 0x0000000749e00000| Untracked 
|  65|0x000000074a000000, 0x000000074a000000, 0x000000074a200000|  0%| F|  |TAMS 0x000000074a000000, 0x000000074a000000| Untracked 
|  66|0x000000074a200000, 0x000000074a200000, 0x000000074a400000|  0%| F|  |TAMS 0x000000074a200000, 0x000000074a200000| Untracked 
|  67|0x000000074a400000, 0x000000074a400000, 0x000000074a600000|  0%| F|  |TAMS 0x000000074a400000, 0x000000074a400000| Untracked 
|  68|0x000000074a600000, 0x000000074a600000, 0x000000074a800000|  0%| F|  |TAMS 0x000000074a600000, 0x000000074a600000| Untracked 
|  69|0x000000074a800000, 0x000000074a800000, 0x000000074aa00000|  0%| F|  |TAMS 0x000000074a800000, 0x000000074a800000| Untracked 
|  70|0x000000074aa00000, 0x000000074aa00000, 0x000000074ac00000|  0%| F|  |TAMS 0x000000074aa00000, 0x000000074aa00000| Untracked 
|  71|0x000000074ac00000, 0x000000074ac00000, 0x000000074ae00000|  0%| F|  |TAMS 0x000000074ac00000, 0x000000074ac00000| Untracked 
|  72|0x000000074ae00000, 0x000000074ae00000, 0x000000074b000000|  0%| F|  |TAMS 0x000000074ae00000, 0x000000074ae00000| Untracked 
|  73|0x000000074b000000, 0x000000074b000000, 0x000000074b200000|  0%| F|  |TAMS 0x000000074b000000, 0x000000074b000000| Untracked 
|  74|0x000000074b200000, 0x000000074b200000, 0x000000074b400000|  0%| F|  |TAMS 0x000000074b200000, 0x000000074b200000| Untracked 
|  75|0x000000074b400000, 0x000000074b400000, 0x000000074b600000|  0%| F|  |TAMS 0x000000074b400000, 0x000000074b400000| Untracked 
|  76|0x000000074b600000, 0x000000074b600000, 0x000000074b800000|  0%| F|  |TAMS 0x000000074b600000, 0x000000074b600000| Untracked 
|  77|0x000000074b800000, 0x000000074b800000, 0x000000074ba00000|  0%| F|  |TAMS 0x000000074b800000, 0x000000074b800000| Untracked 
|  78|0x000000074ba00000, 0x000000074ba00000, 0x000000074bc00000|  0%| F|  |TAMS 0x000000074ba00000, 0x000000074ba00000| Untracked 
|  79|0x000000074bc00000, 0x000000074bc00000, 0x000000074be00000|  0%| F|  |TAMS 0x000000074bc00000, 0x000000074bc00000| Untracked 
|  80|0x000000074be00000, 0x000000074be00000, 0x000000074c000000|  0%| F|  |TAMS 0x000000074be00000, 0x000000074be00000| Untracked 
|  81|0x000000074c000000, 0x000000074c000000, 0x000000074c200000|  0%| F|  |TAMS 0x000000074c000000, 0x000000074c000000| Untracked 
|  82|0x000000074c200000, 0x000000074c200000, 0x000000074c400000|  0%| F|  |TAMS 0x000000074c200000, 0x000000074c200000| Untracked 
|  83|0x000000074c400000, 0x000000074c400000, 0x000000074c600000|  0%| F|  |TAMS 0x000000074c400000, 0x000000074c400000| Untracked 
|  84|0x000000074c600000, 0x000000074c600000, 0x000000074c800000|  0%| F|  |TAMS 0x000000074c600000, 0x000000074c600000| Untracked 
|  85|0x000000074c800000, 0x000000074c800000, 0x000000074ca00000|  0%| F|  |TAMS 0x000000074c800000, 0x000000074c800000| Untracked 
|  86|0x000000074ca00000, 0x000000074ca00000, 0x000000074cc00000|  0%| F|  |TAMS 0x000000074ca00000, 0x000000074ca00000| Untracked 
|  87|0x000000074cc00000, 0x000000074cc00000, 0x000000074ce00000|  0%| F|  |TAMS 0x000000074cc00000, 0x000000074cc00000| Untracked 
|  88|0x000000074ce00000, 0x000000074ce00000, 0x000000074d000000|  0%| F|  |TAMS 0x000000074ce00000, 0x000000074ce00000| Untracked 
|  89|0x000000074d000000, 0x000000074d000000, 0x000000074d200000|  0%| F|  |TAMS 0x000000074d000000, 0x000000074d000000| Untracked 
|  90|0x000000074d200000, 0x000000074d200000, 0x000000074d400000|  0%| F|  |TAMS 0x000000074d200000, 0x000000074d200000| Untracked 
|  91|0x000000074d400000, 0x000000074d400000, 0x000000074d600000|  0%| F|  |TAMS 0x000000074d400000, 0x000000074d400000| Untracked 
|  92|0x000000074d600000, 0x000000074d600000, 0x000000074d800000|  0%| F|  |TAMS 0x000000074d600000, 0x000000074d600000| Untracked 
|  93|0x000000074d800000, 0x000000074d800000, 0x000000074da00000|  0%| F|  |TAMS 0x000000074d800000, 0x000000074d800000| Untracked 
|  94|0x000000074da00000, 0x000000074da7a9d0, 0x000000074dc00000| 23%| E|  |TAMS 0x000000074da00000, 0x000000074da00000| Complete 
|  95|0x000000074dc00000, 0x000000074de00000, 0x000000074de00000|100%| E|CS|TAMS 0x000000074dc00000, 0x000000074dc00000| Complete 

Card table byte_map: [0x000002472cb30000,0x000002472d130000] _byte_map_base: 0x0000024729121000

Marking Bits (Prev, Next): (CMBitMap*) 0x0000024715cc27a0, (CMBitMap*) 0x0000024715cc27e0
 Prev Bits: [0x000002472d730000, 0x00000247306b8000)
 Next Bits: [0x00000247306c0000, 0x0000024733648000)

Polling page: 0x0000024713c30000

Metaspace:

Usage:
  Non-class:    322.09 KB used.
      Class:     21.17 KB used.
       Both:    343.26 KB used.

Virtual space:
  Non-class space:       64.00 MB reserved,     384.00 KB ( <1%) committed,  1 nodes.
      Class space:        1.00 GB reserved,     128.00 KB ( <1%) committed,  1 nodes.
             Both:        1.06 GB reserved,     512.00 KB ( <1%) committed. 

Chunk freelists:
   Non-Class:  11.92 MB
       Class:  15.74 MB
        Both:  27.66 MB

MaxMetaspaceSize: unlimited
CompressedClassSpaceSize: 1.00 GB
Initial GC threshold: 21.00 MB
Current GC threshold: 21.00 MB
CDS: on
MetaspaceReclaimPolicy: balanced
 - commit_granule_bytes: 65536.
 - commit_granule_words: 8192.
 - virtual_space_node_default_size: 8388608.
 - enlarge_chunks_in_place: 1.
 - new_chunks_are_fully_committed: 0.
 - uncommit_free_chunks: 1.
 - use_allocation_guard: 0.
 - handle_deallocations: 1.


Internal statistics:

num_allocs_failed_limit: 0.
num_arena_births: 6.
num_arena_deaths: 0.
num_vsnodes_births: 2.
num_vsnodes_deaths: 0.
num_space_committed: 8.
num_space_uncommitted: 0.
num_chunks_returned_to_freelist: 0.
num_chunks_taken_from_freelist: 17.
num_chunk_merges: 0.
num_chunk_splits: 8.
num_chunks_enlarged: 5.
num_inconsistent_stats: 0.

CodeHeap 'non-profiled nmethods': size=120000Kb used=40Kb max_used=40Kb free=119960Kb
 bounds [0x0000024725000000, 0x0000024725270000, 0x000002472c530000]
CodeHeap 'profiled nmethods': size=120000Kb used=172Kb max_used=172Kb free=119827Kb
 bounds [0x000002471d530000, 0x000002471d7a0000, 0x0000024724a60000]
CodeHeap 'non-nmethods': size=5760Kb used=1098Kb max_used=1112Kb free=4661Kb
 bounds [0x0000024724a60000, 0x0000024724cd0000, 0x0000024725000000]
 total_blobs=512 nmethods=139 adapters=286
 compilation: enabled
              stopped_count=0, restarted_count=0
 full_count=0

Compilation events (20 events):
Event: 0.573 Thread 0x0000024735b13950 nmethod 129 0x000002471d557010 code [0x000002471d5571a0, 0x000002471d5572d8]
Event: 0.573 Thread 0x0000024735b13950  130       3       java.io.WinNTFileSystem::isSlash (18 bytes)
Event: 0.573 Thread 0x0000024735b13950 nmethod 130 0x000002471d557390 code [0x000002471d557520, 0x000002471d5576b8]
Event: 0.573 Thread 0x0000024735b13950  131       3       sun.nio.fs.WindowsPathParser::isSlash (18 bytes)
Event: 0.573 Thread 0x0000024735b13950 nmethod 131 0x000002471d557790 code [0x000002471d557920, 0x000002471d557a98]
Event: 0.573 Thread 0x0000024735b13950  132       3       java.lang.CharacterDataLatin1::toLowerCase (39 bytes)
Event: 0.574 Thread 0x0000024735b13950 nmethod 132 0x000002471d557b10 code [0x000002471d557cc0, 0x000002471d557f18]
Event: 0.575 Thread 0x0000024735b13950  133   !   3       java.util.zip.ZipFile$Source::checkAndAddEntry (262 bytes)
Event: 0.575 Thread 0x0000024735b12ea0  134       4       java.util.zip.ZipUtils::CENEXT (9 bytes)
Event: 0.577 Thread 0x0000024735b12ea0 nmethod 134 0x0000024725009090 code [0x0000024725009200, 0x00000247250092b8]
Event: 0.577 Thread 0x0000024735b12ea0  136       4       java.util.zip.ZipUtils::CENHOW (9 bytes)
Event: 0.577 Thread 0x0000024735b13950 nmethod 133 0x000002471d558010 code [0x000002471d5583c0, 0x000002471d559a68]
Event: 0.578 Thread 0x0000024735b13950  138       1       java.util.zip.Inflater$InflaterZStreamRef::address (5 bytes)
Event: 0.578 Thread 0x0000024735b12ea0 nmethod 136 0x0000024725009390 code [0x0000024725009500, 0x00000247250095b8]
Event: 0.578 Thread 0x0000024735b12ea0  137       4       java.util.zip.ZipUtils::CENFLG (9 bytes)
Event: 0.578 Thread 0x0000024735b13950 nmethod 138 0x0000024725009690 code [0x0000024725009820, 0x00000247250098f8]
Event: 0.578 Thread 0x0000024735b13950  139       3       java.util.ImmutableCollections$MapN::probe (60 bytes)
Event: 0.579 Thread 0x0000024735b13950 nmethod 139 0x000002471d55a710 code [0x000002471d55a900, 0x000002471d55ae78]
Event: 0.579 Thread 0x0000024735b12ea0 nmethod 137 0x0000024725009990 code [0x0000024725009b00, 0x0000024725009bb8]
Event: 0.579 Thread 0x0000024735b12ea0  135       4       java.util.zip.ZipUtils::CENSIG (8 bytes)

GC Heap History (0 events):
No events

Deoptimization events (4 events):
Event: 0.575 Thread 0x0000024715c6a540 Uncommon trap: trap_request=0xffffff45 fr.pc=0x00000247250049c0 relative=0x0000000000000600
Event: 0.575 Thread 0x0000024715c6a540 Uncommon trap: reason=unstable_if action=reinterpret pc=0x00000247250049c0 method=java.util.zip.ZipFile$Source.checkAndAddEntry(II)I @ 50 c2
Event: 0.575 Thread 0x0000024715c6a540 DEOPT PACKING pc=0x00000247250049c0 sp=0x000000c4d62fc3a0
Event: 0.575 Thread 0x0000024715c6a540 DEOPT UNPACKING pc=0x0000024724ab23a3 sp=0x000000c4d62fc310 mode 2

Classes unloaded (0 events):
No events

Classes redefined (0 events):
No events

Internal exceptions (0 events):
No events

VM Operations (2 events):
Event: 0.509 Executing VM operation: HandshakeAllThreads
Event: 0.509 Executing VM operation: HandshakeAllThreads done

Events (20 events):
Event: 0.520 loading class java/net/BindException
Event: 0.520 loading class java/net/SocketException
Event: 0.521 loading class java/io/IOException
Event: 0.521 loading class java/io/IOException done
Event: 0.521 loading class java/net/SocketException done
Event: 0.521 loading class java/net/BindException done
Event: 0.524 loading class java/lang/IllegalStateException
Event: 0.524 loading class java/lang/IllegalStateException done
Event: 0.524 loading class java/lang/CloneNotSupportedException
Event: 0.525 loading class java/lang/CloneNotSupportedException done
Event: 0.544 loading class java/lang/ThreadLocal$SuppliedThreadLocal
Event: 0.545 loading class java/lang/ThreadLocal$SuppliedThreadLocal done
Event: 0.548 loading class java/lang/SecurityException
Event: 0.549 loading class java/lang/SecurityException done
Event: 0.565 Loaded shared library C:\Program Files\Java\jdk-17\bin\jimage.dll
Event: 0.571 loading class jdk/internal/loader/URLClassPath$FileLoader
Event: 0.572 loading class jdk/internal/loader/URLClassPath$FileLoader done
Event: 0.579 loading class java/io/FileNotFoundException
Event: 0.579 loading class java/io/FileNotFoundException done
Event: 0.579 loading class java/security/PrivilegedActionException


Dynamic libraries:
0x00007ff75d130000 - 0x00007ff75d140000 	C:\Program Files\Java\jdk-17\bin\java.exe
0x00007fffed9b0000 - 0x00007fffedba8000 	C:\Windows\SYSTEM32\ntdll.dll
0x00007fffeb9f0000 - 0x00007fffebab2000 	C:\Windows\System32\KERNEL32.DLL
0x00007fffeb220000 - 0x00007fffeb516000 	C:\Windows\System32\KERNELBASE.dll
0x00007fffeb760000 - 0x00007fffeb860000 	C:\Windows\System32\ucrtbase.dll
0x00007fffe2040000 - 0x00007fffe2059000 	C:\Program Files\Java\jdk-17\bin\jli.dll
0x00007fffece80000 - 0x00007fffecf31000 	C:\Windows\System32\ADVAPI32.dll
0x00007fffecde0000 - 0x00007fffece7e000 	C:\Windows\System32\msvcrt.dll
0x00007fffed220000 - 0x00007fffed2bf000 	C:\Windows\System32\sechost.dll
0x00007fffed790000 - 0x00007fffed8b0000 	C:\Windows\System32\RPCRT4.dll
0x00007fffeb8e0000 - 0x00007fffeb907000 	C:\Windows\System32\bcrypt.dll
0x00007fffed080000 - 0x00007fffed21d000 	C:\Windows\System32\USER32.dll
0x00007fffeb910000 - 0x00007fffeb932000 	C:\Windows\System32\win32u.dll
0x00007fffecdb0000 - 0x00007fffecddb000 	C:\Windows\System32\GDI32.dll
0x00007fffeb100000 - 0x00007fffeb219000 	C:\Windows\System32\gdi32full.dll
0x00007fffeb940000 - 0x00007fffeb9dd000 	C:\Windows\System32\msvcp_win.dll
0x00007fffe18e0000 - 0x00007fffe18fb000 	C:\Program Files\Java\jdk-17\bin\VCRUNTIME140.dll
0x00007fffcf660000 - 0x00007fffcf8fb000 	C:\Windows\WinSxS\amd64_microsoft.windows.common-controls_6595b64144ccf1df_6.0.19041.6280_none_60bc30a171f2f3f3\COMCTL32.dll
0x00007fffe1630000 - 0x00007fffe163a000 	C:\Windows\SYSTEM32\VERSION.dll
0x00007fffed940000 - 0x00007fffed96f000 	C:\Windows\System32\IMM32.DLL
0x00007fffe50d0000 - 0x00007fffe50dc000 	C:\Program Files\Java\jdk-17\bin\vcruntime140_1.dll
0x00007fff82490000 - 0x00007fff8251e000 	C:\Program Files\Java\jdk-17\bin\msvcp140.dll
0x00007fff818b0000 - 0x00007fff82490000 	C:\Program Files\Java\jdk-17\bin\server\jvm.dll
0x00007fffeb9e0000 - 0x00007fffeb9e8000 	C:\Windows\System32\PSAPI.DLL
0x00007fffc6ec0000 - 0x00007fffc6ec9000 	C:\Windows\SYSTEM32\WSOCK32.dll
0x00007fffecaf0000 - 0x00007fffecb5b000 	C:\Windows\System32\WS2_32.dll
0x00007fffd7950000 - 0x00007fffd7977000 	C:\Windows\SYSTEM32\WINMM.dll
0x00007fffe9870000 - 0x00007fffe9882000 	C:\Windows\SYSTEM32\kernel.appcore.dll
0x00007fffb03d0000 - 0x00007fffb03da000 	C:\Program Files\Java\jdk-17\bin\jimage.dll
0x00007fffe5d60000 - 0x00007fffe5f61000 	C:\Windows\SYSTEM32\DBGHELP.DLL
0x00007fffce260000 - 0x00007fffce294000 	C:\Windows\SYSTEM32\dbgcore.DLL
0x00007fffeb570000 - 0x00007fffeb5f2000 	C:\Windows\System32\bcryptPrimitives.dll
0x00007fff81880000 - 0x00007fff818a5000 	C:\Program Files\Java\jdk-17\bin\java.dll
0x00007fff817a0000 - 0x00007fff81877000 	C:\Program Files\Java\jdk-17\bin\jsvml.dll
0x00007fffec380000 - 0x00007fffecaf0000 	C:\Windows\System32\SHELL32.dll
0x00007fffe90b0000 - 0x00007fffe9855000 	C:\Windows\SYSTEM32\windows.storage.dll
0x00007fffebfc0000 - 0x00007fffec313000 	C:\Windows\System32\combase.dll
0x00007fffea9b0000 - 0x00007fffea9db000 	C:\Windows\SYSTEM32\Wldp.dll
0x00007fffebef0000 - 0x00007fffebfbd000 	C:\Windows\System32\OLEAUT32.dll
0x00007fffecca0000 - 0x00007fffecd4d000 	C:\Windows\System32\SHCORE.dll
0x00007fffed020000 - 0x00007fffed07b000 	C:\Windows\System32\shlwapi.dll
0x00007fffeaf80000 - 0x00007fffeafa4000 	C:\Windows\SYSTEM32\profapi.dll
0x00007fff86530000 - 0x00007fff86549000 	C:\Program Files\Java\jdk-17\bin\net.dll
0x00007fffde400000 - 0x00007fffde50a000 	C:\Windows\SYSTEM32\WINHTTP.dll
0x00007fffea710000 - 0x00007fffea77a000 	C:\Windows\system32\mswsock.dll
0x00007fff81780000 - 0x00007fff81796000 	C:\Program Files\Java\jdk-17\bin\nio.dll
0x00007fff81760000 - 0x00007fff81778000 	C:\Program Files\Java\jdk-17\bin\zip.dll

dbghelp: loaded successfully - version: 4.0.5 - missing functions: none
symbol engine: initialized successfully - sym options: 0x614 - pdb path: .;C:\Program Files\Java\jdk-17\bin;C:\Windows\SYSTEM32;C:\Windows\WinSxS\amd64_microsoft.windows.common-controls_6595b64144ccf1df_6.0.19041.6280_none_60bc30a171f2f3f3;C:\Program Files\Java\jdk-17\bin\server

VM Arguments:
jvm_args: -Dfile.encoding=UTF-8 -Ddb2.jcc.charsetDecoderEncoder=3 
java_command: com.ibm.db2.server.DssLauncher 3000 off c:\Users\user\AppData\Roaming\Code\logs\20251008T113630\window3\exthost\IBM.db2forzosdeveloperextension -Xmx256M
java_class_path (initial): c:\Users\user\.vscode\extensions\ibm.db2forzosdeveloperextension-2.2.3\dist\dss-dist-2.2.3.jar;;c:\Users\user\.vscode\extensions\ibm.db2forzosdeveloperextension-2.2.3\lib\db2jcc4.jar;c:\Users\user\.vscode\extensions\ibm.db2forzosdeveloperextension-2.2.3\lib\sqlj4.zip
Launcher Type: SUN_STANDARD

[Global flags]
     intx CICompilerCount                          = 3                                         {product} {ergonomic}
     uint ConcGCThreads                            = 1                                         {product} {ergonomic}
     uint G1ConcRefinementThreads                  = 4                                         {product} {ergonomic}
   size_t G1HeapRegionSize                         = 2097152                                   {product} {ergonomic}
    uintx GCDrainStackTargetSize                   = 64                                        {product} {ergonomic}
   size_t InitialHeapSize                          = 201326592                                 {product} {ergonomic}
   size_t MarkStackSize                            = 4194304                                   {product} {ergonomic}
   size_t MaxHeapSize                              = 3189768192                                {product} {ergonomic}
   size_t MaxNewSize                               = 1912602624                                {product} {ergonomic}
   size_t MinHeapDeltaBytes                        = 2097152                                   {product} {ergonomic}
   size_t MinHeapSize                              = 8388608                                   {product} {ergonomic}
    uintx NonNMethodCodeHeapSize                   = 5832780                                {pd product} {ergonomic}
    uintx NonProfiledCodeHeapSize                  = 122912730                              {pd product} {ergonomic}
    uintx ProfiledCodeHeapSize                     = 122912730                              {pd product} {ergonomic}
    uintx ReservedCodeCacheSize                    = 251658240                              {pd product} {ergonomic}
     bool SegmentedCodeCache                       = true                                      {product} {ergonomic}
   size_t SoftMaxHeapSize                          = 3189768192                             {manageable} {ergonomic}
     bool UseCompressedClassPointers               = true                           {product lp64_product} {ergonomic}
     bool UseCompressedOops                        = true                           {product lp64_product} {ergonomic}
     bool UseG1GC                                  = true                                      {product} {ergonomic}
     bool UseLargePagesIndividualAllocation        = false                                  {pd product} {ergonomic}

Logging:
Log output configuration:
 #0: stdout all=warning uptime,level,tags
 #1: stderr all=off uptime,level,tags

Environment Variables:
JAVA_HOME=C:\Program Files\Java\jdk-17
PATH=C:\Program Files\Common Files\Oracle\Java\javapath;C:\Program Files (x86)\Common Files\Oracle\Java\java8path;C:\Program Files (x86)\Common Files\Oracle\Java\javapath;C:\Program Files\Eclipse Adoptium\jdk-21.0.5.11-hotspot\bin;C:\Users\user\AppData\Local\Programs\Python\Python312\Scripts\;C:\Users\user\AppData\Local\Programs\Python\Python312\;C:\Program Files (x86)\NVIDIA Corporation\PhysX\Common;C:\Program Files (x86)\Common Files\Intel\Shared Libraries\redist\intel64_win\compiler;C:\Windows\system32;C:\Windows;C:\Windows\System32\Wbem;C:\Windows\System32\WindowsPowerShell\v1.0\;C:\Windows\System32\OpenSSH\;C:\Program Files\Microsoft SQL Server\120\Tools\Binn\;C:\Program Files\Common Files\Autodesk Shared\;C:\Program Files (x86)\Intel\Intel(R) Management Engine Components\DAL;C:\Program Files\Intel\Intel(R) Management Engine Components\DAL;C:\Program Files\Git\cmd;C:\Program Files (x86)\nodejs\;C:\ProgramData\chocolatey\bin;C:\Program Files\PuTTY\;C:\Program Files (x86)\Windows Kits\10\Windows Performance Toolkit\;C:\Users\user\Desktop\FDx SDK Pro for Windows v4.3.1_J1.12\FDx SDK Pro for Windows v4.3.1\bin\x64\;C:\Program Files\dotnet\;C:\Program Files\Java\jdk-17\bin;C:\gradle-8.13\bin;C:\Users\user\AppData\flutter_windows_3.29.2-stable\flutter\bin;C:\Users\user\AppData\flutter_windows_3.29.2-stable\flutter\bin\cache\dart-sdk\bin;C:\Users\user\AppData\Local\Android\Sdk\platform-tools;C:\Users\user\AppData\Local\Android\Sdk\tools;C:\Users\user\AppData\Local\Android\Sdk\tools\bin;C:\Users\user\AppData\Local\Android\Sdk\cmdline-tools\latest\bin;C:\Program Files\GTK3-Runtime Win64\bin;C:\Program Files\GTK3-Runtime Win64\bin;C:\Program Files\Go\bin;C:\Users\user\AppData\Local\Programs\Python\Python311\;C:\Users\user\AppData\Local\Programs\Python\Python311\python.exe;C:\Users\user\AppData\Local\Programs\Python\Python311\Scripts\;C:\Users\user\AppData\Local\Programs\Python\Python311\;C:\Program Files\MySQL\MySQL Shell 8.0\bin\;C:\Users\user\AppData\Local\Microsoft\Windo
USERNAME=Branis
OS=Windows_NT
PROCESSOR_IDENTIFIER=Intel64 Family 6 Model 78 Stepping 3, GenuineIntel



---------------  S Y S T E M  ---------------

OS:
 Windows 10 , 64 bit Build 19041 (10.0.19041.5915)
OS uptime: 0 days 2:08 hours

CPU: total 4 (initial active 4) (2 cores per cpu, 2 threads per core) family 6 model 78 stepping 3 microcode 0xf0, cx8, cmov, fxsr, ht, mmx, 3dnowpref, sse, sse2, sse3, ssse3, sse4.1, sse4.2, popcnt, lzcnt, tsc, tscinvbit, avx, avx2, aes, erms, clmul, bmi1, bmi2, rtm, adx, fma, vzeroupper, clflush, clflushopt

Memory: 4k page, system-wide physical 12167M (2527M free)
TotalPageFile size 12167M (AvailPageFile size 21M)
current process WorkingSet (physical memory assigned to process): 36M, peak: 36M
current process commit charge ("private bytes"): 268M, peak: 269M

vm_info: Java HotSpot(TM) 64-Bit Server VM (17.0.12+8-LTS-286) for windows-amd64 JRE (17.0.12+8-LTS-286), built on Jun  5 2024 06:46:59 by "mach5one" with MS VC++ 17.6 (VS2022)

END.
