#
# There is insufficient memory for the Java Runtime Environment to continue.
# Native memory allocation (mmap) failed to map 201326592 bytes for G1 virtual space
# Possible reasons:
#   The system is out of physical RAM or swap space
#   The process is running with CompressedOops enabled, and the Java Heap may be blocking the growth of the native heap
# Possible solutions:
#   Reduce memory load on the system
#   Increase physical memory or swap space
#   Check if swap backing store is full
#   Decrease Java heap size (-Xmx/-Xms)
#   Decrease number of Java threads
#   Decrease Java thread stack sizes (-Xss)
#   Set larger code cache with -XX:ReservedCodeCacheSize=
#   JVM is running with Zero Based Compressed Oops mode in which the Java heap is
#     placed in the first 32GB address space. The Java Heap base address is the
#     maximum limit for the native heap growth. Please use -XX:HeapBaseMinAddress
#     to set the Java Heap base and to place the Java Heap above 32GB virtual address.
# This output file may be truncated or incomplete.
#
#  Out of Memory Error (os_windows.cpp:3548), pid=3616, tid=8800
#
# JRE version:  (17.0.12+8) (build )
# Java VM: Java HotSpot(TM) 64-Bit Server VM (17.0.12+8-LTS-286, mixed mode, sharing, tiered, compressed oops, compressed class ptrs, g1 gc, windows-amd64)
# No core dump will be written. Minidumps are not enabled by default on client versions of Windows
#

---------------  S U M M A R Y ------------

Command Line: 

Host: Intel(R) Core(TM) i5-6300U CPU @ 2.40GHz, 4 cores, 11G,  Windows 10 , 64 bit Build 19041 (10.0.19041.5915)
Time: Thu Oct  9 17:12:09 2025 South Africa Standard Time elapsed time: 0.187450 seconds (0d 0h 0m 0s)

---------------  T H R E A D  ---------------

Current thread (0x000001b86ce79200):  JavaThread "Unknown thread" [_thread_in_vm, id=8800, stack(0x000000a8e6e00000,0x000000a8e6f00000)]

Stack: [0x000000a8e6e00000,0x000000a8e6f00000]
Native frames: (J=compiled Java code, j=interpreted, Vv=VM code, C=native code)
V  [jvm.dll+0x67a04a]
V  [jvm.dll+0x7da4ed]
V  [jvm.dll+0x7dbe33]
V  [jvm.dll+0x7dc4a3]
V  [jvm.dll+0x24508f]
V  [jvm.dll+0x677089]
V  [jvm.dll+0x66bd32]
V  [jvm.dll+0x301fa6]
V  [jvm.dll+0x309546]
V  [jvm.dll+0x359d2e]
V  [jvm.dll+0x359f5f]
V  [jvm.dll+0x2d9078]
V  [jvm.dll+0x2d9fe4]
V  [jvm.dll+0x7aca21]
V  [jvm.dll+0x367591]
V  [jvm.dll+0x78b999]
V  [jvm.dll+0x3ec83f]
V  [jvm.dll+0x3ee471]
C  [jli.dll+0x5297]
C  [ucrtbase.dll+0x21bb2]
C  [KERNEL32.DLL+0x17374]
C  [ntdll.dll+0x4cc91]


---------------  P R O C E S S  ---------------

Threads class SMR info:
_java_thread_list=0x00007ff9f7817a18, length=0, elements={
}

Java Threads: ( => current thread )

Other Threads:
  0x000001b86ced0430 GCTaskThread "GC Thread#0" [stack: 0x000000a8e7000000,0x000000a8e7100000] [id=1308]
  0x000001b86cedd190 ConcurrentGCThread "G1 Main Marker" [stack: 0x000000a8e7100000,0x000000a8e7200000] [id=7888]
  0x000001b86cedebb0 ConcurrentGCThread "G1 Conc#0" [stack: 0x000000a8e7200000,0x000000a8e7300000] [id=17776]

[error occurred during error reporting (printing all threads), id 0xc0000005, EXCEPTION_ACCESS_VIOLATION (0xc0000005) at pc=0x00007ff9f7049b67]

VM state: not at safepoint (not fully initialized)

VM Mutex/Monitor currently owned by a thread:  ([mutex/lock_event])
[0x000001b86ce74700] Heap_lock - owner thread: 0x000001b86ce79200

Heap address: 0x0000000741e00000, size: 3042 MB, Compressed Oops mode: Zero based, Oop shift amount: 3

CDS archive(s) mapped at: [0x0000000000000000-0x0000000000000000-0x0000000000000000), size 0, SharedBaseAddress: 0x0000000800000000, ArchiveRelocationMode: 1.
Narrow klass base: 0x0000000000000000, Narrow klass shift: 0, Narrow klass range: 0x0

GC Precious Log:
<Empty>

Heap:
 garbage-first heap   total 0K, used 0K [0x0000000741e00000, 0x0000000800000000)
  region size 2048K, 0 young (0K), 0 survivors (0K)

[error occurred during error reporting (printing heap information), id 0xc0000005, EXCEPTION_ACCESS_VIOLATION (0xc0000005) at pc=0x00007ff9f7433859]

GC Heap History (0 events):
No events

Deoptimization events (0 events):
No events

Classes unloaded (0 events):
No events

Classes redefined (0 events):
No events

Internal exceptions (0 events):
No events

VM Operations (0 events):
No events

Events (1 events):
Event: 0.058 Loaded shared library C:\Program Files\Java\jdk-17\bin\java.dll


Dynamic libraries:
0x00007ff7f09f0000 - 0x00007ff7f0a00000 	C:\Program Files\Java\jdk-17\bin\java.exe
0x00007ffa93310000 - 0x00007ffa93508000 	C:\Windows\SYSTEM32\ntdll.dll
0x00007ffa930c0000 - 0x00007ffa93182000 	C:\Windows\System32\KERNEL32.DLL
0x00007ffa90e90000 - 0x00007ffa91186000 	C:\Windows\System32\KERNELBASE.dll
0x00007ffa90d90000 - 0x00007ffa90e90000 	C:\Windows\System32\ucrtbase.dll
0x00007ffa74ab0000 - 0x00007ffa74ac9000 	C:\Program Files\Java\jdk-17\bin\jli.dll
0x00007ffa91c60000 - 0x00007ffa91d11000 	C:\Windows\System32\ADVAPI32.dll
0x00007ffa92c40000 - 0x00007ffa92cde000 	C:\Windows\System32\msvcrt.dll
0x00007ffa91bc0000 - 0x00007ffa91c5f000 	C:\Windows\System32\sechost.dll
0x00007ffa92ce0000 - 0x00007ffa92e00000 	C:\Windows\System32\RPCRT4.dll
0x00007ffa91310000 - 0x00007ffa91337000 	C:\Windows\System32\bcrypt.dll
0x00007ffa92e00000 - 0x00007ffa92f9d000 	C:\Windows\System32\USER32.dll
0x00007ffa90c00000 - 0x00007ffa90c22000 	C:\Windows\System32\win32u.dll
0x00007ffa92670000 - 0x00007ffa9269b000 	C:\Windows\System32\GDI32.dll
0x00007ffa90a60000 - 0x00007ffa90b79000 	C:\Windows\System32\gdi32full.dll
0x00007ffa91270000 - 0x00007ffa9130d000 	C:\Windows\System32\msvcp_win.dll
0x00007ffa74360000 - 0x00007ffa7437b000 	C:\Program Files\Java\jdk-17\bin\VCRUNTIME140.dll
0x00007ffa756b0000 - 0x00007ffa7594b000 	C:\Windows\WinSxS\amd64_microsoft.windows.common-controls_6595b64144ccf1df_6.0.19041.6280_none_60bc30a171f2f3f3\COMCTL32.dll
0x00007ffa87840000 - 0x00007ffa8784a000 	C:\Windows\SYSTEM32\VERSION.dll
0x00007ffa91700000 - 0x00007ffa9172f000 	C:\Windows\System32\IMM32.DLL
0x00007ffa7ce70000 - 0x00007ffa7ce7c000 	C:\Program Files\Java\jdk-17\bin\vcruntime140_1.dll
0x00007ffa43300000 - 0x00007ffa4338e000 	C:\Program Files\Java\jdk-17\bin\msvcp140.dll
0x00007ff9f6d60000 - 0x00007ff9f7940000 	C:\Program Files\Java\jdk-17\bin\server\jvm.dll
0x00007ffa91dc0000 - 0x00007ffa91dc8000 	C:\Windows\System32\PSAPI.DLL
0x00007ffa6d740000 - 0x00007ffa6d749000 	C:\Windows\SYSTEM32\WSOCK32.dll
0x00007ffa925a0000 - 0x00007ffa9260b000 	C:\Windows\System32\WS2_32.dll
0x00007ffa7d2b0000 - 0x00007ffa7d2d7000 	C:\Windows\SYSTEM32\WINMM.dll
0x00007ffa8f1d0000 - 0x00007ffa8f1e2000 	C:\Windows\SYSTEM32\kernel.appcore.dll
0x00007ffa75960000 - 0x00007ffa7596a000 	C:\Program Files\Java\jdk-17\bin\jimage.dll
0x00007ffa8be80000 - 0x00007ffa8c081000 	C:\Windows\SYSTEM32\DBGHELP.DLL
0x00007ffa755a0000 - 0x00007ffa755d4000 	C:\Windows\SYSTEM32\dbgcore.DLL
0x00007ffa911e0000 - 0x00007ffa91262000 	C:\Windows\System32\bcryptPrimitives.dll
0x00007ffa579b0000 - 0x00007ffa579d5000 	C:\Program Files\Java\jdk-17\bin\java.dll

dbghelp: loaded successfully - version: 4.0.5 - missing functions: none
symbol engine: initialized successfully - sym options: 0x614 - pdb path: .;C:\Program Files\Java\jdk-17\bin;C:\Windows\SYSTEM32;C:\Windows\WinSxS\amd64_microsoft.windows.common-controls_6595b64144ccf1df_6.0.19041.6280_none_60bc30a171f2f3f3;C:\Program Files\Java\jdk-17\bin\server

VM Arguments:
java_command: <unknown>
java_class_path (initial): <not set>
Launcher Type: SUN_STANDARD

[Global flags]
     intx CICompilerCount                          = 3                                         {product} {ergonomic}
     uint ConcGCThreads                            = 1                                         {product} {ergonomic}
     uint G1ConcRefinementThreads                  = 4                                         {product} {ergonomic}
   size_t G1HeapRegionSize                         = 2097152                                   {product} {ergonomic}
    uintx GCDrainStackTargetSize                   = 64                                        {product} {ergonomic}
   size_t InitialHeapSize                          = 201326592                                 {product} {ergonomic}
   size_t MarkStackSize                            = 4194304                                   {product} {ergonomic}
   size_t MaxHeapSize                              = 3189768192                                {product} {ergonomic}
   size_t MinHeapDeltaBytes                        = 2097152                                   {product} {ergonomic}
   size_t MinHeapSize                              = 8388608                                   {product} {ergonomic}
    uintx NonNMethodCodeHeapSize                   = 5832780                                {pd product} {ergonomic}
    uintx NonProfiledCodeHeapSize                  = 122912730                              {pd product} {ergonomic}
    uintx ProfiledCodeHeapSize                     = 122912730                              {pd product} {ergonomic}
    uintx ReservedCodeCacheSize                    = 251658240                              {pd product} {ergonomic}
     bool SegmentedCodeCache                       = true                                      {product} {ergonomic}
   size_t SoftMaxHeapSize                          = 3189768192                             {manageable} {ergonomic}
     bool UseCompressedClassPointers               = true                           {product lp64_product} {ergonomic}
     bool UseCompressedOops                        = true                           {product lp64_product} {ergonomic}
     bool UseG1GC                                  = true                                      {product} {ergonomic}
     bool UseLargePagesIndividualAllocation        = false                                  {pd product} {ergonomic}

Logging:
Log output configuration:
 #0: stdout all=warning uptime,level,tags
 #1: stderr all=off uptime,level,tags

Environment Variables:
JAVA_HOME=C:\Program Files\Java\jdk-17
PATH=C:\Program Files\Common Files\Oracle\Java\javapath;C:\Program Files (x86)\Common Files\Oracle\Java\java8path;C:\Program Files (x86)\Common Files\Oracle\Java\javapath;C:\Program Files\Eclipse Adoptium\jdk-21.0.5.11-hotspot\bin;C:\Users\user\AppData\Local\Programs\Python\Python312\Scripts\;C:\Users\user\AppData\Local\Programs\Python\Python312\;C:\Program Files (x86)\NVIDIA Corporation\PhysX\Common;C:\Program Files (x86)\Common Files\Intel\Shared Libraries\redist\intel64_win\compiler;C:\Windows\system32;C:\Windows;C:\Windows\System32\Wbem;C:\Windows\System32\WindowsPowerShell\v1.0\;C:\Windows\System32\OpenSSH\;C:\Program Files\Microsoft SQL Server\120\Tools\Binn\;C:\Program Files\Common Files\Autodesk Shared\;C:\Program Files (x86)\Intel\Intel(R) Management Engine Components\DAL;C:\Program Files\Intel\Intel(R) Management Engine Components\DAL;C:\Program Files\Git\cmd;C:\Program Files (x86)\nodejs\;C:\ProgramData\chocolatey\bin;C:\Program Files\PuTTY\;C:\Program Files (x86)\Windows Kits\10\Windows Performance Toolkit\;C:\Users\user\Desktop\FDx SDK Pro for Windows v4.3.1_J1.12\FDx SDK Pro for Windows v4.3.1\bin\x64\;C:\Program Files\dotnet\;C:\Program Files\Java\jdk-17\bin;C:\gradle-8.13\bin;C:\Users\user\AppData\flutter_windows_3.29.2-stable\flutter\bin;C:\Users\user\AppData\flutter_windows_3.29.2-stable\flutter\bin\cache\dart-sdk\bin;C:\Users\user\AppData\Local\Android\Sdk\platform-tools;C:\Users\user\AppData\Local\Android\Sdk\tools;C:\Users\user\AppData\Local\Android\Sdk\tools\bin;C:\Users\user\AppData\Local\Android\Sdk\cmdline-tools\latest\bin;C:\Program Files\GTK3-Runtime Win64\bin;C:\Program Files\GTK3-Runtime Win64\bin;C:\Program Files\Go\bin;C:\Users\user\AppData\Local\Programs\Python\Python311\;C:\Users\user\AppData\Local\Programs\Python\Python311\python.exe;C:\Users\user\AppData\Local\Programs\Python\Python311\Scripts\;C:\Users\user\AppData\Local\Programs\Python\Python311\;C:\Program Files\MySQL\MySQL Shell 8.0\bin\;C:\Users\user\AppData\Local\Microsoft\Windo
USERNAME=Branis
OS=Windows_NT
PROCESSOR_IDENTIFIER=Intel64 Family 6 Model 78 Stepping 3, GenuineIntel



---------------  S Y S T E M  ---------------

OS:
 Windows 10 , 64 bit Build 19041 (10.0.19041.5915)
OS uptime: 0 days 4:33 hours

CPU: total 4 (initial active 4) (2 cores per cpu, 2 threads per core) family 6 model 78 stepping 3 microcode 0xf0, cx8, cmov, fxsr, ht, mmx, 3dnowpref, sse, sse2, sse3, ssse3, sse4.1, sse4.2, popcnt, lzcnt, tsc, tscinvbit, avx, avx2, aes, erms, clmul, bmi1, bmi2, rtm, adx, fma, vzeroupper, clflush, clflushopt

Memory: 4k page, system-wide physical 12167M (1453M free)
TotalPageFile size 12167M (AvailPageFile size 36M)
current process WorkingSet (physical memory assigned to process): 10M, peak: 10M
current process commit charge ("private bytes"): 51M, peak: 243M

vm_info: Java HotSpot(TM) 64-Bit Server VM (17.0.12+8-LTS-286) for windows-amd64 JRE (17.0.12+8-LTS-286), built on Jun  5 2024 06:46:59 by "mach5one" with MS VC++ 17.6 (VS2022)

END.
