#
# There is insufficient memory for the Java Runtime Environment to continue.
# Native memory allocation (mmap) failed to map 201326592 bytes for G1 virtual space
# Possible reasons:
#   The system is out of physical RAM or swap space
#   The process is running with CompressedOops enabled, and the Java Heap may be blocking the growth of the native heap
# Possible solutions:
#   Reduce memory load on the system
#   Increase physical memory or swap space
#   Check if swap backing store is full
#   Decrease Java heap size (-Xmx/-Xms)
#   Decrease number of Java threads
#   Decrease Java thread stack sizes (-Xss)
#   Set larger code cache with -XX:ReservedCodeCacheSize=
#   JVM is running with Zero Based Compressed Oops mode in which the Java heap is
#     placed in the first 32GB address space. The Java Heap base address is the
#     maximum limit for the native heap growth. Please use -XX:HeapBaseMinAddress
#     to set the Java Heap base and to place the Java Heap above 32GB virtual address.
# This output file may be truncated or incomplete.
#
#  Out of Memory Error (os_windows.cpp:3548), pid=16484, tid=17648
#
# JRE version:  (17.0.12+8) (build )
# Java VM: Java HotSpot(TM) 64-Bit Server VM (17.0.12+8-LTS-286, mixed mode, sharing, tiered, compressed oops, compressed class ptrs, g1 gc, windows-amd64)
# No core dump will be written. Minidumps are not enabled by default on client versions of Windows
#

---------------  S U M M A R Y ------------

Command Line: 

Host: Intel(R) Core(TM) i5-6300U CPU @ 2.40GHz, 4 cores, 11G,  Windows 10 , 64 bit Build 19041 (10.0.19041.5915)
Time: Thu May 29 14:01:58 2025 South Africa Standard Time elapsed time: 0.085469 seconds (0d 0h 0m 0s)

---------------  T H R E A D  ---------------

Current thread (0x000001409233b770):  JavaThread "Unknown thread" [_thread_in_vm, id=17648, stack(0x00000031cd100000,0x00000031cd200000)]

Stack: [0x00000031cd100000,0x00000031cd200000]
Native frames: (J=compiled Java code, j=interpreted, Vv=VM code, C=native code)
V  [jvm.dll+0x67a04a]
V  [jvm.dll+0x7da4ed]
V  [jvm.dll+0x7dbe33]
V  [jvm.dll+0x7dc4a3]
V  [jvm.dll+0x24508f]
V  [jvm.dll+0x677089]
V  [jvm.dll+0x66bd32]
V  [jvm.dll+0x301fa6]
V  [jvm.dll+0x309546]
V  [jvm.dll+0x359d2e]
V  [jvm.dll+0x359f5f]
V  [jvm.dll+0x2d9078]
V  [jvm.dll+0x2d9fe4]
V  [jvm.dll+0x7aca21]
V  [jvm.dll+0x367591]
V  [jvm.dll+0x78b999]
V  [jvm.dll+0x3ec83f]
V  [jvm.dll+0x3ee471]
C  [jli.dll+0x5297]
C  [ucrtbase.dll+0x21bb2]
C  [KERNEL32.DLL+0x17374]
C  [ntdll.dll+0x4cc91]


---------------  P R O C E S S  ---------------

Threads class SMR info:
_java_thread_list=0x00007fffa2c17a18, length=0, elements={
}

Java Threads: ( => current thread )

Other Threads:
  0x00000140923927b0 GCTaskThread "GC Thread#0" [stack: 0x00000031cd200000,0x00000031cd300000] [id=9072]
  0x000001409239fcb0 ConcurrentGCThread "G1 Main Marker" [stack: 0x00000031cd300000,0x00000031cd400000] [id=9896]
  0x00000140923a16d0 ConcurrentGCThread "G1 Conc#0" [stack: 0x00000031cd400000,0x00000031cd500000] [id=12668]

[error occurred during error reporting (printing all threads), id 0xc0000005, EXCEPTION_ACCESS_VIOLATION (0xc0000005) at pc=0x00007fffa2449b67]

VM state: not at safepoint (not fully initialized)

VM Mutex/Monitor currently owned by a thread:  ([mutex/lock_event])
[0x0000014092334a30] Heap_lock - owner thread: 0x000001409233b770

Heap address: 0x0000000741e00000, size: 3042 MB, Compressed Oops mode: Zero based, Oop shift amount: 3

CDS archive(s) mapped at: [0x0000000000000000-0x0000000000000000-0x0000000000000000), size 0, SharedBaseAddress: 0x0000000800000000, ArchiveRelocationMode: 1.
Narrow klass base: 0x0000000000000000, Narrow klass shift: 0, Narrow klass range: 0x0

GC Precious Log:
<Empty>

Heap:
 garbage-first heap   total 0K, used 0K [0x0000000741e00000, 0x0000000800000000)
  region size 2048K, 0 young (0K), 0 survivors (0K)

[error occurred during error reporting (printing heap information), id 0xc0000005, EXCEPTION_ACCESS_VIOLATION (0xc0000005) at pc=0x00007fffa2833859]

GC Heap History (0 events):
No events

Deoptimization events (0 events):
No events

Classes unloaded (0 events):
No events

Classes redefined (0 events):
No events

Internal exceptions (0 events):
No events

VM Operations (0 events):
No events

Events (1 events):
Event: 0.049 Loaded shared library C:\Program Files\Java\jdk-17\bin\java.dll


Dynamic libraries:
0x00007ff72ea30000 - 0x00007ff72ea40000 	C:\Program Files\Java\jdk-17\bin\java.exe
0x00007ff84c550000 - 0x00007ff84c748000 	C:\Windows\SYSTEM32\ntdll.dll
0x00007ff84adc0000 - 0x00007ff84ae82000 	C:\Windows\System32\KERNEL32.DLL
0x00007ff84a1c0000 - 0x00007ff84a4b6000 	C:\Windows\System32\KERNELBASE.dll
0x00007ff849c80000 - 0x00007ff849d80000 	C:\Windows\System32\ucrtbase.dll
0x00007ff828bf0000 - 0x00007ff828c0b000 	C:\Program Files\Java\jdk-17\bin\VCRUNTIME140.dll
0x00007ff827ce0000 - 0x00007ff827cf9000 	C:\Program Files\Java\jdk-17\bin\jli.dll
0x00007ff84ae90000 - 0x00007ff84af41000 	C:\Windows\System32\ADVAPI32.dll
0x00007ff84b3c0000 - 0x00007ff84b45e000 	C:\Windows\System32\msvcrt.dll
0x00007ff84c1d0000 - 0x00007ff84c26f000 	C:\Windows\System32\sechost.dll
0x00007ff84b660000 - 0x00007ff84b783000 	C:\Windows\System32\RPCRT4.dll
0x00007ff849e00000 - 0x00007ff849e27000 	C:\Windows\System32\bcrypt.dll
0x00007ff84ab50000 - 0x00007ff84aced000 	C:\Windows\System32\USER32.dll
0x00007ff849ec0000 - 0x00007ff849ee2000 	C:\Windows\System32\win32u.dll
0x00007ff84b790000 - 0x00007ff84b7bb000 	C:\Windows\System32\GDI32.dll
0x00007ff84a050000 - 0x00007ff84a169000 	C:\Windows\System32\gdi32full.dll
0x00007ff849be0000 - 0x00007ff849c7d000 	C:\Windows\System32\msvcp_win.dll
0x00007ff82ad20000 - 0x00007ff82afba000 	C:\Windows\WinSxS\amd64_microsoft.windows.common-controls_6595b64144ccf1df_6.0.19041.5915_none_60b4b9d171f9c7c7\COMCTL32.dll
0x00007ff8403b0000 - 0x00007ff8403ba000 	C:\Windows\SYSTEM32\VERSION.dll
0x00007ff84ab20000 - 0x00007ff84ab4f000 	C:\Windows\System32\IMM32.DLL
0x00007ff83b3e0000 - 0x00007ff83b3ec000 	C:\Program Files\Java\jdk-17\bin\vcruntime140_1.dll
0x00007ffff1da0000 - 0x00007ffff1e2e000 	C:\Program Files\Java\jdk-17\bin\msvcp140.dll
0x00007fffa2160000 - 0x00007fffa2d40000 	C:\Program Files\Java\jdk-17\bin\server\jvm.dll
0x00007ff84c4e0000 - 0x00007ff84c4e8000 	C:\Windows\System32\PSAPI.DLL
0x00007ff83a800000 - 0x00007ff83a809000 	C:\Windows\SYSTEM32\WSOCK32.dll
0x00007ff84ad50000 - 0x00007ff84adbb000 	C:\Windows\System32\WS2_32.dll
0x00007ff83aac0000 - 0x00007ff83aae7000 	C:\Windows\SYSTEM32\WINMM.dll
0x00007ff848450000 - 0x00007ff848462000 	C:\Windows\SYSTEM32\kernel.appcore.dll
0x00007ff83a2c0000 - 0x00007ff83a2ca000 	C:\Program Files\Java\jdk-17\bin\jimage.dll
0x00007ff8450a0000 - 0x00007ff8452a1000 	C:\Windows\SYSTEM32\DBGHELP.DLL
0x00007ff83eb70000 - 0x00007ff83eba4000 	C:\Windows\SYSTEM32\dbgcore.DLL
0x00007ff849e30000 - 0x00007ff849eb2000 	C:\Windows\System32\bcryptPrimitives.dll
0x00007ff80da40000 - 0x00007ff80da65000 	C:\Program Files\Java\jdk-17\bin\java.dll

dbghelp: loaded successfully - version: 4.0.5 - missing functions: none
symbol engine: initialized successfully - sym options: 0x614 - pdb path: .;C:\Program Files\Java\jdk-17\bin;C:\Windows\SYSTEM32;C:\Windows\WinSxS\amd64_microsoft.windows.common-controls_6595b64144ccf1df_6.0.19041.5915_none_60b4b9d171f9c7c7;C:\Program Files\Java\jdk-17\bin\server

VM Arguments:
java_command: <unknown>
java_class_path (initial): <not set>
Launcher Type: SUN_STANDARD

[Global flags]
     intx CICompilerCount                          = 3                                         {product} {ergonomic}
     uint ConcGCThreads                            = 1                                         {product} {ergonomic}
     uint G1ConcRefinementThreads                  = 4                                         {product} {ergonomic}
   size_t G1HeapRegionSize                         = 2097152                                   {product} {ergonomic}
    uintx GCDrainStackTargetSize                   = 64                                        {product} {ergonomic}
   size_t InitialHeapSize                          = 201326592                                 {product} {ergonomic}
   size_t MarkStackSize                            = 4194304                                   {product} {ergonomic}
   size_t MaxHeapSize                              = 3189768192                                {product} {ergonomic}
   size_t MinHeapDeltaBytes                        = 2097152                                   {product} {ergonomic}
   size_t MinHeapSize                              = 8388608                                   {product} {ergonomic}
    uintx NonNMethodCodeHeapSize                   = 5832780                                {pd product} {ergonomic}
    uintx NonProfiledCodeHeapSize                  = 122912730                              {pd product} {ergonomic}
    uintx ProfiledCodeHeapSize                     = 122912730                              {pd product} {ergonomic}
    uintx ReservedCodeCacheSize                    = 251658240                              {pd product} {ergonomic}
     bool SegmentedCodeCache                       = true                                      {product} {ergonomic}
   size_t SoftMaxHeapSize                          = 3189768192                             {manageable} {ergonomic}
     bool UseCompressedClassPointers               = true                           {product lp64_product} {ergonomic}
     bool UseCompressedOops                        = true                           {product lp64_product} {ergonomic}
     bool UseG1GC                                  = true                                      {product} {ergonomic}
     bool UseLargePagesIndividualAllocation        = false                                  {pd product} {ergonomic}

Logging:
Log output configuration:
 #0: stdout all=warning uptime,level,tags
 #1: stderr all=off uptime,level,tags

Environment Variables:
JAVA_HOME=C:\Program Files\Java\jdk-17
PATH=C:\Users\user\Desktop\BrainInk-Backend\venv\Scripts;C:\Program Files\Common Files\Oracle\Java\javapath;C:\Program Files (x86)\Common Files\Oracle\Java\java8path;C:\Program Files (x86)\Common Files\Oracle\Java\javapath;C:\Program Files\Eclipse Adoptium\jdk-21.0.5.11-hotspot\bin;C:\Users\user\AppData\Local\Programs\Python\Python312\Scripts\;C:\Users\user\AppData\Local\Programs\Python\Python312\;C:\Program Files (x86)\NVIDIA Corporation\PhysX\Common;C:\Program Files (x86)\Common Files\Intel\Shared Libraries\redist\intel64_win\compiler;C:\Windows\system32;C:\Windows;C:\Windows\System32\Wbem;C:\Windows\System32\WindowsPowerShell\v1.0\;C:\Windows\System32\OpenSSH\;C:\Program Files\Microsoft SQL Server\120\Tools\Binn\;C:\Program Files\Common Files\Autodesk Shared\;C:\Program Files (x86)\Intel\Intel(R) Management Engine Components\DAL;C:\Program Files\Intel\Intel(R) Management Engine Components\DAL;C:\Program Files\Git\cmd;C:\Program Files (x86)\nodejs\;C:\ProgramData\chocolatey\bin;C:\Program Files\PuTTY\;C:\Program Files\Docker\Docker\resources\bin;C:\Program Files (x86)\Windows Kits\10\Windows Performance Toolkit\;C:\Users\user\Desktop\FDx SDK Pro for Windows v4.3.1_J1.12\FDx SDK Pro for Windows v4.3.1\bin\x64\;C:\Program Files\dotnet\;C:\Program Files\Java\jdk-17\bin;C:\gradle-8.13\bin;C:\Users\user\AppData\flutter_windows_3.29.2-stable\flutter\bin;C:\Users\user\AppData\flutter_windows_3.29.2-stable\flutter\bin\cache\dart-sdk\bin;C:\Users\user\AppData\Local\Android\Sdk\platform-tools;C:\Users\user\AppData\Local\Android\Sdk\tools;C:\Users\user\AppData\Local\Android\Sdk\tools\bin;C:\Users\user\AppData\Local\Android\Sdk\cmdline-tools\latest\bin;C:\Program Files\MySQL\MySQL Shell 8.0\bin\;C:\Users\user\AppData\Local\Microsoft\WindowsApps;C:\Program Files\JetBrains\PyCharm Community Edition 2023.2\bin;;C:\ProgramData\Branis\GitHubDesktop\bin;C:\Users\user\AppData\Local\GitHubDesktop\bin;C:\Users\user\AppData\Local\Programs\Microsoft VS Code\bin;C:\Users\user\AppData\Roamin
USERNAME=Branis
OS=Windows_NT
PROCESSOR_IDENTIFIER=Intel64 Family 6 Model 78 Stepping 3, GenuineIntel



---------------  S Y S T E M  ---------------

OS:
 Windows 10 , 64 bit Build 19041 (10.0.19041.5915)
OS uptime: 0 days 1:50 hours

CPU: total 4 (initial active 4) (2 cores per cpu, 2 threads per core) family 6 model 78 stepping 3 microcode 0xf0, cx8, cmov, fxsr, ht, mmx, 3dnowpref, sse, sse2, sse3, ssse3, sse4.1, sse4.2, popcnt, lzcnt, tsc, tscinvbit, avx, avx2, aes, erms, clmul, bmi1, bmi2, rtm, adx, fma, vzeroupper, clflush, clflushopt

Memory: 4k page, system-wide physical 12167M (1500M free)
TotalPageFile size 12167M (AvailPageFile size 130M)
current process WorkingSet (physical memory assigned to process): 10M, peak: 10M
current process commit charge ("private bytes"): 51M, peak: 243M

vm_info: Java HotSpot(TM) 64-Bit Server VM (17.0.12+8-LTS-286) for windows-amd64 JRE (17.0.12+8-LTS-286), built on Jun  5 2024 06:46:59 by "mach5one" with MS VC++ 17.6 (VS2022)

END.
