#
# There is insufficient memory for the Java Runtime Environment to continue.
# Native memory allocation (mmap) failed to map 65536 bytes for Failed to commit metaspace.
# Possible reasons:
#   The system is out of physical RAM or swap space
#   The process is running with CompressedOops enabled, and the Java Heap may be blocking the growth of the native heap
# Possible solutions:
#   Reduce memory load on the system
#   Increase physical memory or swap space
#   Check if swap backing store is full
#   Decrease Java heap size (-Xmx/-Xms)
#   Decrease number of Java threads
#   Decrease Java thread stack sizes (-Xss)
#   Set larger code cache with -XX:ReservedCodeCacheSize=
#   JVM is running with Zero Based Compressed Oops mode in which the Java heap is
#     placed in the first 32GB address space. The Java Heap base address is the
#     maximum limit for the native heap growth. Please use -XX:HeapBaseMinAddress
#     to set the Java Heap base and to place the Java Heap above 32GB virtual address.
# This output file may be truncated or incomplete.
#
#  Out of Memory Error (virtualSpaceNode.cpp:110), pid=18040, tid=924
#
# JRE version: Java(TM) SE Runtime Environment (17.0.12+8) (build 17.0.12+8-LTS-286)
# Java VM: Java HotSpot(TM) 64-Bit Server VM (17.0.12+8-LTS-286, mixed mode, sharing, tiered, compressed oops, compressed class ptrs, g1 gc, windows-amd64)
# No core dump will be written. Minidumps are not enabled by default on client versions of Windows
#

---------------  S U M M A R Y ------------

Command Line: -Dfile.encoding=UTF-8 -Ddb2.jcc.charsetDecoderEncoder=3 com.ibm.db2.server.DssLauncher 3000 off c:\Users\user\AppData\Roaming\Code\logs\20251006T160952\window2\exthost\IBM.db2forzosdeveloperextension -Xmx256M

Host: Intel(R) Core(TM) i5-6300U CPU @ 2.40GHz, 4 cores, 11G,  Windows 10 , 64 bit Build 19041 (10.0.19041.5915)
Time: Mon Oct  6 16:11:00 2025 South Africa Standard Time elapsed time: 3.165871 seconds (0d 0h 0m 3s)

---------------  T H R E A D  ---------------

Current thread (0x0000026db49601d0):  JavaThread "main" [_thread_in_vm, id=924, stack(0x000000f341300000,0x000000f341400000)]

Stack: [0x000000f341300000,0x000000f341400000]
Native frames: (J=compiled Java code, j=interpreted, Vv=VM code, C=native code)
V  [jvm.dll+0x67a04a]
V  [jvm.dll+0x7da4ed]
V  [jvm.dll+0x7dbe33]
V  [jvm.dll+0x7dc4a3]
V  [jvm.dll+0x24508f]
V  [jvm.dll+0x7d60bb]
V  [jvm.dll+0x6206c6]
V  [jvm.dll+0x62072a]
V  [jvm.dll+0x622f4d]
V  [jvm.dll+0x621086]
V  [jvm.dll+0x23936f]
V  [jvm.dll+0x62af35]
V  [jvm.dll+0x1e84b2]
V  [jvm.dll+0x1e89d5]
V  [jvm.dll+0x1e931b]
V  [jvm.dll+0x1dea41]
V  [jvm.dll+0x53f78c]
V  [jvm.dll+0x1ef3ca]
V  [jvm.dll+0x7547ad]
V  [jvm.dll+0x755bc6]
V  [jvm.dll+0x756355]
V  [jvm.dll+0x1e9741]
V  [jvm.dll+0x1dea5a]
V  [jvm.dll+0x53f78c]
V  [jvm.dll+0x1ef3ca]
V  [jvm.dll+0x7547ad]
V  [jvm.dll+0x755bc6]
V  [jvm.dll+0x756355]
V  [jvm.dll+0x1e9741]
V  [jvm.dll+0x1dea5a]
V  [jvm.dll+0x53f78c]
V  [jvm.dll+0x1ef3ca]
V  [jvm.dll+0x7547ad]
V  [jvm.dll+0x755bc6]
V  [jvm.dll+0x755ef8]
V  [jvm.dll+0x23d13b]
V  [jvm.dll+0x37d08e]
C  0x0000026dc376b766

Java frames: (J=compiled Java code, j=interpreted, Vv=VM code)
j  sun.nio.ch.FileChannelImpl.<init>(Ljava/io/FileDescriptor;Ljava/lang/String;ZZZLjava/lang/Object;)V+61 java.base@17.0.12
j  sun.nio.ch.FileChannelImpl.open(Ljava/io/FileDescriptor;Ljava/lang/String;ZZZLjava/lang/Object;)Ljava/nio/channels/FileChannel;+12 java.base@17.0.12
j  sun.nio.fs.WindowsChannelFactory.newFileChannel(Ljava/lang/String;Ljava/lang/String;Ljava/util/Set;J)Ljava/nio/channels/FileChannel;+126 java.base@17.0.12
j  sun.nio.fs.WindowsFileSystemProvider.checkReadAccess(Lsun/nio/fs/WindowsPath;)V+14 java.base@17.0.12
j  sun.nio.fs.WindowsFileSystemProvider.checkAccess(Ljava/nio/file/Path;[Ljava/nio/file/AccessMode;)V+123 java.base@17.0.12
j  java.nio.file.Files.exists(Ljava/nio/file/Path;[Ljava/nio/file/LinkOption;)Z+44 java.base@17.0.12
j  org.apache.logging.log4j.core.appender.rolling.RollingFileManager.initialFileTime(Ljava/io/File;)J+10
j  org.apache.logging.log4j.core.appender.rolling.RollingFileManager.access$900(Ljava/io/File;)J+1
j  org.apache.logging.log4j.core.appender.rolling.RollingFileManager$RollingFileManagerFactory.createManager(Ljava/lang/String;Lorg/apache/logging/log4j/core/appender/rolling/RollingFileManager$FactoryData;)Lorg/apache/logging/log4j/core/appender/rolling/RollingFileManager;+199
j  org.apache.logging.log4j.core.appender.rolling.RollingFileManager$RollingFileManagerFactory.createManager(Ljava/lang/String;Ljava/lang/Object;)Ljava/lang/Object;+6
j  org.apache.logging.log4j.core.appender.AbstractManager.getManager(Ljava/lang/String;Lorg/apache/logging/log4j/core/appender/ManagerFactory;Ljava/lang/Object;)Lorg/apache/logging/log4j/core/appender/AbstractManager;+36
j  org.apache.logging.log4j.core.appender.OutputStreamManager.getManager(Ljava/lang/String;Ljava/lang/Object;Lorg/apache/logging/log4j/core/appender/ManagerFactory;)Lorg/apache/logging/log4j/core/appender/OutputStreamManager;+3
j  org.apache.logging.log4j.core.appender.rolling.RollingFileManager.getFileManager(Ljava/lang/String;Ljava/lang/String;ZZLorg/apache/logging/log4j/core/appender/rolling/TriggeringPolicy;Lorg/apache/logging/log4j/core/appender/rolling/RolloverStrategy;Ljava/lang/String;Lorg/apache/logging/log4j/core/Layout;IZZLjava/lang/String;Ljava/lang/String;Ljava/lang/String;Lorg/apache/logging/log4j/core/config/Configuration;)Lorg/apache/logging/log4j/core/appender/rolling/RollingFileManager;+75
j  org.apache.logging.log4j.core.appender.RollingFileAppender$Builder.build()Lorg/apache/logging/log4j/core/appender/RollingFileAppender;+267
j  org.apache.logging.log4j.core.appender.RollingFileAppender$Builder.build()Ljava/lang/Object;+1
j  org.apache.logging.log4j.core.config.plugins.util.PluginBuilder.build()Ljava/lang/Object;+49
j  org.apache.logging.log4j.core.config.AbstractConfiguration.createPluginObject(Lorg/apache/logging/log4j/core/config/plugins/util/PluginType;Lorg/apache/logging/log4j/core/config/Node;Lorg/apache/logging/log4j/core/LogEvent;)Ljava/lang/Object;+99
j  org.apache.logging.log4j.core.config.AbstractConfiguration.createConfiguration(Lorg/apache/logging/log4j/core/config/Node;Lorg/apache/logging/log4j/core/LogEvent;)V+107
j  org.apache.logging.log4j.core.config.AbstractConfiguration.createConfiguration(Lorg/apache/logging/log4j/core/config/Node;Lorg/apache/logging/log4j/core/LogEvent;)V+67
j  org.apache.logging.log4j.core.config.AbstractConfiguration.doConfigure()V+255
j  org.apache.logging.log4j.core.config.AbstractConfiguration.initialize()V+212
j  org.apache.logging.log4j.core.config.builder.impl.DefaultConfigurationBuilder.build(Z)Lorg/apache/logging/log4j/core/config/builder/impl/BuiltConfiguration;+266
j  org.apache.logging.log4j.core.config.builder.impl.DefaultConfigurationBuilder.build()Lorg/apache/logging/log4j/core/config/builder/impl/BuiltConfiguration;+2
j  org.apache.logging.log4j.core.config.builder.impl.DefaultConfigurationBuilder.build()Ljava/lang/Object;+1
j  com.ibm.db2.util.Logger.initialize(Lorg/apache/logging/log4j/Level;Ljava/lang/String;)V+519
j  com.ibm.db2.server.DssLauncher.main([Ljava/lang/String;)V+28
v  ~StubRoutines::call_stub

---------------  P R O C E S S  ---------------

Threads class SMR info:
_java_thread_list=0x0000026dd49f61d0, length=12, elements={
0x0000026db49601d0, 0x0000026dd47ee4d0, 0x0000026dd47ef350, 0x0000026dd4802110,
0x0000026dd4805bf0, 0x0000026dd48065b0, 0x0000026dd4806f70, 0x0000026dd4807d10,
0x0000026dd48671c0, 0x0000026dd4980060, 0x0000026dd4a32f10, 0x0000026dd4a3dc70
}

Java Threads: ( => current thread )
=>0x0000026db49601d0 JavaThread "main" [_thread_in_vm, id=924, stack(0x000000f341300000,0x000000f341400000)]
  0x0000026dd47ee4d0 JavaThread "Reference Handler" daemon [_thread_blocked, id=18276, stack(0x000000f341b00000,0x000000f341c00000)]
  0x0000026dd47ef350 JavaThread "Finalizer" daemon [_thread_blocked, id=13608, stack(0x000000f341c00000,0x000000f341d00000)]
  0x0000026dd4802110 JavaThread "Signal Dispatcher" daemon [_thread_blocked, id=12840, stack(0x000000f341d00000,0x000000f341e00000)]
  0x0000026dd4805bf0 JavaThread "Attach Listener" daemon [_thread_blocked, id=10388, stack(0x000000f341e00000,0x000000f341f00000)]
  0x0000026dd48065b0 JavaThread "Service Thread" daemon [_thread_blocked, id=13628, stack(0x000000f341f00000,0x000000f342000000)]
  0x0000026dd4806f70 JavaThread "Monitor Deflation Thread" daemon [_thread_blocked, id=8952, stack(0x000000f342000000,0x000000f342100000)]
  0x0000026dd4807d10 JavaThread "C2 CompilerThread0" daemon [_thread_blocked, id=12224, stack(0x000000f342100000,0x000000f342200000)]
  0x0000026dd48671c0 JavaThread "C1 CompilerThread0" daemon [_thread_blocked, id=4704, stack(0x000000f342200000,0x000000f342300000)]
  0x0000026dd4980060 JavaThread "Sweeper thread" daemon [_thread_blocked, id=1848, stack(0x000000f342300000,0x000000f342400000)]
  0x0000026dd4a32f10 JavaThread "Notification Thread" daemon [_thread_blocked, id=4060, stack(0x000000f342400000,0x000000f342500000)]
  0x0000026dd4a3dc70 JavaThread "Common-Cleaner" daemon [_thread_blocked, id=17540, stack(0x000000f342600000,0x000000f342700000)]

Other Threads:
  0x0000026dd47e7860 VMThread "VM Thread" [stack: 0x000000f341a00000,0x000000f341b00000] [id=5856]
  0x0000026dd4a35400 WatcherThread [stack: 0x000000f342500000,0x000000f342600000] [id=10820]
  0x0000026db49b6050 GCTaskThread "GC Thread#0" [stack: 0x000000f341500000,0x000000f341600000] [id=17304]
  0x0000026e1a09e3c0 GCTaskThread "GC Thread#1" [stack: 0x000000f342700000,0x000000f342800000] [id=12376]
  0x0000026e1a09e680 GCTaskThread "GC Thread#2" [stack: 0x000000f342800000,0x000000f342900000] [id=12408]
  0x0000026e1a0afdc0 GCTaskThread "GC Thread#3" [stack: 0x000000f342900000,0x000000f342a00000] [id=12340]
  0x0000026db49c2db0 ConcurrentGCThread "G1 Main Marker" [stack: 0x000000f341600000,0x000000f341700000] [id=10832]
  0x0000026db49c37c0 ConcurrentGCThread "G1 Conc#0" [stack: 0x000000f341700000,0x000000f341800000] [id=17956]
  0x0000026db4a22f10 ConcurrentGCThread "G1 Refine#0" [stack: 0x000000f341800000,0x000000f341900000] [id=7384]
  0x0000026db4a24950 ConcurrentGCThread "G1 Service" [stack: 0x000000f341900000,0x000000f341a00000] [id=11376]

Threads with active compile tasks:

VM state: not at safepoint (normal execution)

VM Mutex/Monitor currently owned by a thread:  ([mutex/lock_event])
[0x0000026db495d560] Metaspace_lock - owner thread: 0x0000026db49601d0

Heap address: 0x0000000741e00000, size: 3042 MB, Compressed Oops mode: Zero based, Oop shift amount: 3

CDS archive(s) mapped at: [0x0000026dd5000000-0x0000026dd5bd0000-0x0000026dd5bd0000), size 12386304, SharedBaseAddress: 0x0000026dd5000000, ArchiveRelocationMode: 1.
Compressed class space mapped at: 0x0000026dd6000000-0x0000026e16000000, reserved size: 1073741824
Narrow klass base: 0x0000026dd5000000, Narrow klass shift: 0, Narrow klass range: 0x100000000

GC Precious Log:
 CPUs: 4 total, 4 available
 Memory: 12167M
 Large Page Support: Disabled
 NUMA Support: Disabled
 Compressed Oops: Enabled (Zero based)
 Heap Region Size: 2M
 Heap Min Capacity: 8M
 Heap Initial Capacity: 192M
 Heap Max Capacity: 3042M
 Pre-touch: Disabled
 Parallel Workers: 4
 Concurrent Workers: 1
 Concurrent Refinement Workers: 4
 Periodic GC: Disabled

Heap:
 garbage-first heap   total 196608K, used 7241K [0x0000000741e00000, 0x0000000800000000)
  region size 2048K, 4 young (8192K), 1 survivors (2048K)
 Metaspace       used 5561K, committed 5696K, reserved 1114112K
  class space    used 682K, committed 768K, reserved 1048576K

Heap Regions: E=young(eden), S=young(survivor), O=old, HS=humongous(starts), HC=humongous(continues), CS=collection set, F=free, OA=open archive, CA=closed archive, TAMS=top-at-mark-start (previous, next)
|   0|0x0000000741e00000, 0x0000000741f12400, 0x0000000742000000| 53%| O|  |TAMS 0x0000000741e00000, 0x0000000741e00000| Untracked 
|   1|0x0000000742000000, 0x0000000742000000, 0x0000000742200000|  0%| F|  |TAMS 0x0000000742000000, 0x0000000742000000| Untracked 
|   2|0x0000000742200000, 0x0000000742200000, 0x0000000742400000|  0%| F|  |TAMS 0x0000000742200000, 0x0000000742200000| Untracked 
|   3|0x0000000742400000, 0x0000000742400000, 0x0000000742600000|  0%| F|  |TAMS 0x0000000742400000, 0x0000000742400000| Untracked 
|   4|0x0000000742600000, 0x0000000742600000, 0x0000000742800000|  0%| F|  |TAMS 0x0000000742600000, 0x0000000742600000| Untracked 
|   5|0x0000000742800000, 0x0000000742800000, 0x0000000742a00000|  0%| F|  |TAMS 0x0000000742800000, 0x0000000742800000| Untracked 
|   6|0x0000000742a00000, 0x0000000742a00000, 0x0000000742c00000|  0%| F|  |TAMS 0x0000000742a00000, 0x0000000742a00000| Untracked 
|   7|0x0000000742c00000, 0x0000000742c00000, 0x0000000742e00000|  0%| F|  |TAMS 0x0000000742c00000, 0x0000000742c00000| Untracked 
|   8|0x0000000742e00000, 0x0000000742e00000, 0x0000000743000000|  0%| F|  |TAMS 0x0000000742e00000, 0x0000000742e00000| Untracked 
|   9|0x0000000743000000, 0x0000000743000000, 0x0000000743200000|  0%| F|  |TAMS 0x0000000743000000, 0x0000000743000000| Untracked 
|  10|0x0000000743200000, 0x0000000743200000, 0x0000000743400000|  0%| F|  |TAMS 0x0000000743200000, 0x0000000743200000| Untracked 
|  11|0x0000000743400000, 0x0000000743400000, 0x0000000743600000|  0%| F|  |TAMS 0x0000000743400000, 0x0000000743400000| Untracked 
|  12|0x0000000743600000, 0x0000000743600000, 0x0000000743800000|  0%| F|  |TAMS 0x0000000743600000, 0x0000000743600000| Untracked 
|  13|0x0000000743800000, 0x0000000743800000, 0x0000000743a00000|  0%| F|  |TAMS 0x0000000743800000, 0x0000000743800000| Untracked 
|  14|0x0000000743a00000, 0x0000000743a00000, 0x0000000743c00000|  0%| F|  |TAMS 0x0000000743a00000, 0x0000000743a00000| Untracked 
|  15|0x0000000743c00000, 0x0000000743c00000, 0x0000000743e00000|  0%| F|  |TAMS 0x0000000743c00000, 0x0000000743c00000| Untracked 
|  16|0x0000000743e00000, 0x0000000743e00000, 0x0000000744000000|  0%| F|  |TAMS 0x0000000743e00000, 0x0000000743e00000| Untracked 
|  17|0x0000000744000000, 0x0000000744000000, 0x0000000744200000|  0%| F|  |TAMS 0x0000000744000000, 0x0000000744000000| Untracked 
|  18|0x0000000744200000, 0x0000000744200000, 0x0000000744400000|  0%| F|  |TAMS 0x0000000744200000, 0x0000000744200000| Untracked 
|  19|0x0000000744400000, 0x0000000744400000, 0x0000000744600000|  0%| F|  |TAMS 0x0000000744400000, 0x0000000744400000| Untracked 
|  20|0x0000000744600000, 0x0000000744600000, 0x0000000744800000|  0%| F|  |TAMS 0x0000000744600000, 0x0000000744600000| Untracked 
|  21|0x0000000744800000, 0x0000000744800000, 0x0000000744a00000|  0%| F|  |TAMS 0x0000000744800000, 0x0000000744800000| Untracked 
|  22|0x0000000744a00000, 0x0000000744a00000, 0x0000000744c00000|  0%| F|  |TAMS 0x0000000744a00000, 0x0000000744a00000| Untracked 
|  23|0x0000000744c00000, 0x0000000744c00000, 0x0000000744e00000|  0%| F|  |TAMS 0x0000000744c00000, 0x0000000744c00000| Untracked 
|  24|0x0000000744e00000, 0x0000000744e00000, 0x0000000745000000|  0%| F|  |TAMS 0x0000000744e00000, 0x0000000744e00000| Untracked 
|  25|0x0000000745000000, 0x0000000745000000, 0x0000000745200000|  0%| F|  |TAMS 0x0000000745000000, 0x0000000745000000| Untracked 
|  26|0x0000000745200000, 0x0000000745200000, 0x0000000745400000|  0%| F|  |TAMS 0x0000000745200000, 0x0000000745200000| Untracked 
|  27|0x0000000745400000, 0x0000000745400000, 0x0000000745600000|  0%| F|  |TAMS 0x0000000745400000, 0x0000000745400000| Untracked 
|  28|0x0000000745600000, 0x0000000745600000, 0x0000000745800000|  0%| F|  |TAMS 0x0000000745600000, 0x0000000745600000| Untracked 
|  29|0x0000000745800000, 0x0000000745800000, 0x0000000745a00000|  0%| F|  |TAMS 0x0000000745800000, 0x0000000745800000| Untracked 
|  30|0x0000000745a00000, 0x0000000745a00000, 0x0000000745c00000|  0%| F|  |TAMS 0x0000000745a00000, 0x0000000745a00000| Untracked 
|  31|0x0000000745c00000, 0x0000000745c00000, 0x0000000745e00000|  0%| F|  |TAMS 0x0000000745c00000, 0x0000000745c00000| Untracked 
|  32|0x0000000745e00000, 0x0000000745e00000, 0x0000000746000000|  0%| F|  |TAMS 0x0000000745e00000, 0x0000000745e00000| Untracked 
|  33|0x0000000746000000, 0x0000000746000000, 0x0000000746200000|  0%| F|  |TAMS 0x0000000746000000, 0x0000000746000000| Untracked 
|  34|0x0000000746200000, 0x0000000746200000, 0x0000000746400000|  0%| F|  |TAMS 0x0000000746200000, 0x0000000746200000| Untracked 
|  35|0x0000000746400000, 0x0000000746400000, 0x0000000746600000|  0%| F|  |TAMS 0x0000000746400000, 0x0000000746400000| Untracked 
|  36|0x0000000746600000, 0x0000000746600000, 0x0000000746800000|  0%| F|  |TAMS 0x0000000746600000, 0x0000000746600000| Untracked 
|  37|0x0000000746800000, 0x0000000746800000, 0x0000000746a00000|  0%| F|  |TAMS 0x0000000746800000, 0x0000000746800000| Untracked 
|  38|0x0000000746a00000, 0x0000000746a00000, 0x0000000746c00000|  0%| F|  |TAMS 0x0000000746a00000, 0x0000000746a00000| Untracked 
|  39|0x0000000746c00000, 0x0000000746c00000, 0x0000000746e00000|  0%| F|  |TAMS 0x0000000746c00000, 0x0000000746c00000| Untracked 
|  40|0x0000000746e00000, 0x0000000746e00000, 0x0000000747000000|  0%| F|  |TAMS 0x0000000746e00000, 0x0000000746e00000| Untracked 
|  41|0x0000000747000000, 0x0000000747000000, 0x0000000747200000|  0%| F|  |TAMS 0x0000000747000000, 0x0000000747000000| Untracked 
|  42|0x0000000747200000, 0x0000000747200000, 0x0000000747400000|  0%| F|  |TAMS 0x0000000747200000, 0x0000000747200000| Untracked 
|  43|0x0000000747400000, 0x0000000747400000, 0x0000000747600000|  0%| F|  |TAMS 0x0000000747400000, 0x0000000747400000| Untracked 
|  44|0x0000000747600000, 0x0000000747600000, 0x0000000747800000|  0%| F|  |TAMS 0x0000000747600000, 0x0000000747600000| Untracked 
|  45|0x0000000747800000, 0x0000000747800000, 0x0000000747a00000|  0%| F|  |TAMS 0x0000000747800000, 0x0000000747800000| Untracked 
|  46|0x0000000747a00000, 0x0000000747a00000, 0x0000000747c00000|  0%| F|  |TAMS 0x0000000747a00000, 0x0000000747a00000| Untracked 
|  47|0x0000000747c00000, 0x0000000747c00000, 0x0000000747e00000|  0%| F|  |TAMS 0x0000000747c00000, 0x0000000747c00000| Untracked 
|  48|0x0000000747e00000, 0x0000000747e00000, 0x0000000748000000|  0%| F|  |TAMS 0x0000000747e00000, 0x0000000747e00000| Untracked 
|  49|0x0000000748000000, 0x0000000748000000, 0x0000000748200000|  0%| F|  |TAMS 0x0000000748000000, 0x0000000748000000| Untracked 
|  50|0x0000000748200000, 0x0000000748200000, 0x0000000748400000|  0%| F|  |TAMS 0x0000000748200000, 0x0000000748200000| Untracked 
|  51|0x0000000748400000, 0x0000000748400000, 0x0000000748600000|  0%| F|  |TAMS 0x0000000748400000, 0x0000000748400000| Untracked 
|  52|0x0000000748600000, 0x0000000748600000, 0x0000000748800000|  0%| F|  |TAMS 0x0000000748600000, 0x0000000748600000| Untracked 
|  53|0x0000000748800000, 0x0000000748800000, 0x0000000748a00000|  0%| F|  |TAMS 0x0000000748800000, 0x0000000748800000| Untracked 
|  54|0x0000000748a00000, 0x0000000748a00000, 0x0000000748c00000|  0%| F|  |TAMS 0x0000000748a00000, 0x0000000748a00000| Untracked 
|  55|0x0000000748c00000, 0x0000000748c00000, 0x0000000748e00000|  0%| F|  |TAMS 0x0000000748c00000, 0x0000000748c00000| Untracked 
|  56|0x0000000748e00000, 0x0000000748e00000, 0x0000000749000000|  0%| F|  |TAMS 0x0000000748e00000, 0x0000000748e00000| Untracked 
|  57|0x0000000749000000, 0x0000000749000000, 0x0000000749200000|  0%| F|  |TAMS 0x0000000749000000, 0x0000000749000000| Untracked 
|  58|0x0000000749200000, 0x0000000749200000, 0x0000000749400000|  0%| F|  |TAMS 0x0000000749200000, 0x0000000749200000| Untracked 
|  59|0x0000000749400000, 0x0000000749400000, 0x0000000749600000|  0%| F|  |TAMS 0x0000000749400000, 0x0000000749400000| Untracked 
|  60|0x0000000749600000, 0x0000000749600000, 0x0000000749800000|  0%| F|  |TAMS 0x0000000749600000, 0x0000000749600000| Untracked 
|  61|0x0000000749800000, 0x0000000749800000, 0x0000000749a00000|  0%| F|  |TAMS 0x0000000749800000, 0x0000000749800000| Untracked 
|  62|0x0000000749a00000, 0x0000000749a00000, 0x0000000749c00000|  0%| F|  |TAMS 0x0000000749a00000, 0x0000000749a00000| Untracked 
|  63|0x0000000749c00000, 0x0000000749c00000, 0x0000000749e00000|  0%| F|  |TAMS 0x0000000749c00000, 0x0000000749c00000| Untracked 
|  64|0x0000000749e00000, 0x0000000749e00000, 0x000000074a000000|  0%| F|  |TAMS 0x0000000749e00000, 0x0000000749e00000| Untracked 
|  65|0x000000074a000000, 0x000000074a000000, 0x000000074a200000|  0%| F|  |TAMS 0x000000074a000000, 0x000000074a000000| Untracked 
|  66|0x000000074a200000, 0x000000074a200000, 0x000000074a400000|  0%| F|  |TAMS 0x000000074a200000, 0x000000074a200000| Untracked 
|  67|0x000000074a400000, 0x000000074a400000, 0x000000074a600000|  0%| F|  |TAMS 0x000000074a400000, 0x000000074a400000| Untracked 
|  68|0x000000074a600000, 0x000000074a600000, 0x000000074a800000|  0%| F|  |TAMS 0x000000074a600000, 0x000000074a600000| Untracked 
|  69|0x000000074a800000, 0x000000074a800000, 0x000000074aa00000|  0%| F|  |TAMS 0x000000074a800000, 0x000000074a800000| Untracked 
|  70|0x000000074aa00000, 0x000000074aa00000, 0x000000074ac00000|  0%| F|  |TAMS 0x000000074aa00000, 0x000000074aa00000| Untracked 
|  71|0x000000074ac00000, 0x000000074ac00000, 0x000000074ae00000|  0%| F|  |TAMS 0x000000074ac00000, 0x000000074ac00000| Untracked 
|  72|0x000000074ae00000, 0x000000074ae00000, 0x000000074b000000|  0%| F|  |TAMS 0x000000074ae00000, 0x000000074ae00000| Untracked 
|  73|0x000000074b000000, 0x000000074b000000, 0x000000074b200000|  0%| F|  |TAMS 0x000000074b000000, 0x000000074b000000| Untracked 
|  74|0x000000074b200000, 0x000000074b200000, 0x000000074b400000|  0%| F|  |TAMS 0x000000074b200000, 0x000000074b200000| Untracked 
|  75|0x000000074b400000, 0x000000074b400000, 0x000000074b600000|  0%| F|  |TAMS 0x000000074b400000, 0x000000074b400000| Untracked 
|  76|0x000000074b600000, 0x000000074b600000, 0x000000074b800000|  0%| F|  |TAMS 0x000000074b600000, 0x000000074b600000| Untracked 
|  77|0x000000074b800000, 0x000000074b800000, 0x000000074ba00000|  0%| F|  |TAMS 0x000000074b800000, 0x000000074b800000| Untracked 
|  78|0x000000074ba00000, 0x000000074ba00000, 0x000000074bc00000|  0%| F|  |TAMS 0x000000074ba00000, 0x000000074ba00000| Untracked 
|  79|0x000000074bc00000, 0x000000074bc00000, 0x000000074be00000|  0%| F|  |TAMS 0x000000074bc00000, 0x000000074bc00000| Untracked 
|  80|0x000000074be00000, 0x000000074be00000, 0x000000074c000000|  0%| F|  |TAMS 0x000000074be00000, 0x000000074be00000| Untracked 
|  81|0x000000074c000000, 0x000000074c000000, 0x000000074c200000|  0%| F|  |TAMS 0x000000074c000000, 0x000000074c000000| Untracked 
|  82|0x000000074c200000, 0x000000074c200000, 0x000000074c400000|  0%| F|  |TAMS 0x000000074c200000, 0x000000074c200000| Untracked 
|  83|0x000000074c400000, 0x000000074c400000, 0x000000074c600000|  0%| F|  |TAMS 0x000000074c400000, 0x000000074c400000| Untracked 
|  84|0x000000074c600000, 0x000000074c600000, 0x000000074c800000|  0%| F|  |TAMS 0x000000074c600000, 0x000000074c600000| Untracked 
|  85|0x000000074c800000, 0x000000074c800000, 0x000000074ca00000|  0%| F|  |TAMS 0x000000074c800000, 0x000000074c800000| Untracked 
|  86|0x000000074ca00000, 0x000000074ca00000, 0x000000074cc00000|  0%| F|  |TAMS 0x000000074ca00000, 0x000000074ca00000| Untracked 
|  87|0x000000074cc00000, 0x000000074cc00000, 0x000000074ce00000|  0%| F|  |TAMS 0x000000074cc00000, 0x000000074cc00000| Untracked 
|  88|0x000000074ce00000, 0x000000074ce00000, 0x000000074d000000|  0%| F|  |TAMS 0x000000074ce00000, 0x000000074ce00000| Untracked 
|  89|0x000000074d000000, 0x000000074d200000, 0x000000074d200000|100%| S|CS|TAMS 0x000000074d000000, 0x000000074d000000| Complete 
|  90|0x000000074d200000, 0x000000074d200000, 0x000000074d400000|  0%| F|  |TAMS 0x000000074d200000, 0x000000074d200000| Untracked 
|  91|0x000000074d400000, 0x000000074d400000, 0x000000074d600000|  0%| F|  |TAMS 0x000000074d400000, 0x000000074d400000| Untracked 
|  92|0x000000074d600000, 0x000000074d600000, 0x000000074d800000|  0%| F|  |TAMS 0x000000074d600000, 0x000000074d600000| Untracked 
|  93|0x000000074d800000, 0x000000074d8da4c8, 0x000000074da00000| 42%| E|  |TAMS 0x000000074d800000, 0x000000074d800000| Complete 
|  94|0x000000074da00000, 0x000000074dc00000, 0x000000074dc00000|100%| E|CS|TAMS 0x000000074da00000, 0x000000074da00000| Complete 
|  95|0x000000074dc00000, 0x000000074de00000, 0x000000074de00000|100%| E|CS|TAMS 0x000000074dc00000, 0x000000074dc00000| Complete 

Card table byte_map: [0x0000026dcb820000,0x0000026dcbe20000] _byte_map_base: 0x0000026dc7e11000

Marking Bits (Prev, Next): (CMBitMap*) 0x0000026db49b6670, (CMBitMap*) 0x0000026db49b66b0
 Prev Bits: [0x0000026dcc420000, 0x0000026dcf3a8000)
 Next Bits: [0x0000026dcf3b0000, 0x0000026dd2338000)

Polling page: 0x0000026db2930000

Metaspace:

Usage:
  Non-class:      4.77 MB used.
      Class:    682.24 KB used.
       Both:      5.43 MB used.

Virtual space:
  Non-class space:       64.00 MB reserved,       4.81 MB (  8%) committed,  1 nodes.
      Class space:        1.00 GB reserved,     768.00 KB ( <1%) committed,  1 nodes.
             Both:        1.06 GB reserved,       5.56 MB ( <1%) committed. 

Chunk freelists:
   Non-Class:  9.33 MB
       Class:  15.28 MB
        Both:  24.61 MB

MaxMetaspaceSize: unlimited
CompressedClassSpaceSize: 1.00 GB
Initial GC threshold: 21.00 MB
Current GC threshold: 21.00 MB
CDS: on
MetaspaceReclaimPolicy: balanced
 - commit_granule_bytes: 65536.
 - commit_granule_words: 8192.
 - virtual_space_node_default_size: 8388608.
 - enlarge_chunks_in_place: 1.
 - new_chunks_are_fully_committed: 0.
 - uncommit_free_chunks: 1.
 - use_allocation_guard: 0.
 - handle_deallocations: 1.


Internal statistics:

num_allocs_failed_limit: 0.
num_arena_births: 64.
num_arena_deaths: 0.
num_vsnodes_births: 2.
num_vsnodes_deaths: 0.
num_space_committed: 89.
num_space_uncommitted: 0.
num_chunks_returned_to_freelist: 0.
num_chunks_taken_from_freelist: 223.
num_chunk_merges: 0.
num_chunk_splits: 149.
num_chunks_enlarged: 109.
num_inconsistent_stats: 0.

CodeHeap 'non-profiled nmethods': size=120000Kb used=264Kb max_used=264Kb free=119735Kb
 bounds [0x0000026dc3cf0000, 0x0000026dc3f60000, 0x0000026dcb220000]
CodeHeap 'profiled nmethods': size=120000Kb used=1763Kb max_used=1763Kb free=118236Kb
 bounds [0x0000026dbc220000, 0x0000026dbc490000, 0x0000026dc3750000]
CodeHeap 'non-nmethods': size=5760Kb used=1162Kb max_used=1166Kb free=4597Kb
 bounds [0x0000026dc3750000, 0x0000026dc39c0000, 0x0000026dc3cf0000]
 total_blobs=1439 nmethods=985 adapters=367
 compilation: enabled
              stopped_count=0, restarted_count=0
 full_count=0

Compilation events (20 events):
Event: 3.131 Thread 0x0000026dd48671c0  976       3       sun.reflect.generics.parser.SignatureParser::mark (9 bytes)
Event: 3.131 Thread 0x0000026dd4807d10  977       4       sun.reflect.generics.parser.SignatureParser::skipIdentifier (67 bytes)
Event: 3.131 Thread 0x0000026dd48671c0 nmethod 976 0x0000026dbc3d2d10 code [0x0000026dbc3d2ea0, 0x0000026dbc3d2fb8]
Event: 3.131 Thread 0x0000026dd48671c0  978       3       sun.reflect.generics.parser.SignatureParser::markToCurrent (16 bytes)
Event: 3.131 Thread 0x0000026dd48671c0 nmethod 978 0x0000026dbc3d3090 code [0x0000026dbc3d3240, 0x0000026dbc3d33a8]
Event: 3.138 Thread 0x0000026dd4807d10 nmethod 977 0x0000026dc3d31510 code [0x0000026dc3d316c0, 0x0000026dc3d31a18]
Event: 3.145 Thread 0x0000026dd48671c0  979       3       sun.reflect.generics.tree.SimpleClassTypeSignature::make (11 bytes)
Event: 3.146 Thread 0x0000026dd48671c0 nmethod 979 0x0000026dbc3d3490 code [0x0000026dbc3d3640, 0x0000026dbc3d3918]
Event: 3.146 Thread 0x0000026dd48671c0  984       3       sun.reflect.generics.parser.SignatureParser::parsePackageNameAndSimpleClassTypeSignature (119 bytes)
Event: 3.147 Thread 0x0000026dd48671c0 nmethod 984 0x0000026dbc3d3a10 code [0x0000026dbc3d3d00, 0x0000026dbc3d47c8]
Event: 3.147 Thread 0x0000026dd48671c0  981       3       java.util.HashMap::putMapEntries (167 bytes)
Event: 3.148 Thread 0x0000026dd48671c0 nmethod 981 0x0000026dbc3d4c10 code [0x0000026dbc3d4ee0, 0x0000026dbc3d5d28]
Event: 3.148 Thread 0x0000026dd48671c0  982       3       java.lang.AbstractStringBuilder::<init> (63 bytes)
Event: 3.149 Thread 0x0000026dd48671c0 nmethod 982 0x0000026dbc3d6110 code [0x0000026dbc3d6300, 0x0000026dbc3d6898]
Event: 3.149 Thread 0x0000026dd48671c0  980       3       sun.reflect.generics.tree.SimpleClassTypeSignature::<init> (20 bytes)
Event: 3.149 Thread 0x0000026dd48671c0 nmethod 980 0x0000026dbc3d6a90 code [0x0000026dbc3d6c40, 0x0000026dbc3d6e78]
Event: 3.149 Thread 0x0000026dd48671c0  983       3       sun.reflect.generics.parser.SignatureParser::parseClassTypeSignature (118 bytes)
Event: 3.151 Thread 0x0000026dd48671c0 nmethod 983 0x0000026dbc3d6f10 code [0x0000026dbc3d72a0, 0x0000026dbc3d86d8]
Event: 3.151 Thread 0x0000026dd48671c0  985       1       java.lang.reflect.Field::getType (5 bytes)
Event: 3.151 Thread 0x0000026dd48671c0 nmethod 985 0x0000026dc3d31d90 code [0x0000026dc3d31f20, 0x0000026dc3d31ff8]

GC Heap History (2 events):
Event: 2.551 GC heap before
{Heap before GC invocations=0 (full 0):
 garbage-first heap   total 196608K, used 12288K [0x0000000741e00000, 0x0000000800000000)
  region size 2048K, 6 young (12288K), 0 survivors (0K)
 Metaspace       used 3855K, committed 4032K, reserved 1114112K
  class space    used 455K, committed 576K, reserved 1048576K
}
Event: 2.710 GC heap after
{Heap after GC invocations=1 (full 0):
 garbage-first heap   total 196608K, used 3145K [0x0000000741e00000, 0x0000000800000000)
  region size 2048K, 1 young (2048K), 1 survivors (2048K)
 Metaspace       used 3855K, committed 4032K, reserved 1114112K
  class space    used 455K, committed 576K, reserved 1048576K
}

Deoptimization events (10 events):
Event: 1.184 Thread 0x0000026db49601d0 Uncommon trap: trap_request=0xffffff45 fr.pc=0x0000026dc3cf4f40 relative=0x0000000000000600
Event: 1.185 Thread 0x0000026db49601d0 Uncommon trap: reason=unstable_if action=reinterpret pc=0x0000026dc3cf4f40 method=java.util.zip.ZipFile$Source.checkAndAddEntry(II)I @ 50 c2
Event: 1.185 Thread 0x0000026db49601d0 DEOPT PACKING pc=0x0000026dc3cf4f40 sp=0x000000f3413fbf40
Event: 1.185 Thread 0x0000026db49601d0 DEOPT UNPACKING pc=0x0000026dc37a23a3 sp=0x000000f3413fbeb0 mode 2
Event: 1.421 Thread 0x0000026db49601d0 DEOPT PACKING pc=0x0000026dbc235be7 sp=0x000000f3413fabf0
Event: 1.421 Thread 0x0000026db49601d0 DEOPT UNPACKING pc=0x0000026dc37a2b43 sp=0x000000f3413fa010 mode 0
Event: 2.273 Thread 0x0000026db49601d0 Uncommon trap: trap_request=0xffffff45 fr.pc=0x0000026dc3d1d39c relative=0x000000000000083c
Event: 2.273 Thread 0x0000026db49601d0 Uncommon trap: reason=unstable_if action=reinterpret pc=0x0000026dc3d1d39c method=java.io.DataInputStream.readUTF(Ljava/io/DataInput;)Ljava/lang/String; @ 31 c2
Event: 2.273 Thread 0x0000026db49601d0 DEOPT PACKING pc=0x0000026dc3d1d39c sp=0x000000f3413feab0
Event: 2.273 Thread 0x0000026db49601d0 DEOPT UNPACKING pc=0x0000026dc37a23a3 sp=0x000000f3413fea40 mode 2

Classes unloaded (0 events):
No events

Classes redefined (0 events):
No events

Internal exceptions (11 events):
Event: 1.312 Thread 0x0000026db49601d0 Exception <a 'java/lang/NoSuchMethodError'{0x000000074da40150}: 'void java.lang.invoke.DirectMethodHandle$Holder.invokeStatic(java.lang.Object, java.lang.Object, java.lang.Object)'> (0x000000074da40150) 
thrown [s\open\src\hotspot\share\interpreter\linkResolver.cpp, line 759]
Event: 1.328 Thread 0x0000026db49601d0 Exception <a 'java/lang/NoSuchMethodError'{0x000000074dab15f8}: 'void java.lang.invoke.DirectMethodHandle$Holder.invokeSpecial(java.lang.Object, java.lang.Object, java.lang.Object, java.lang.Object, java.lang.Object)'> (0x000000074dab15f8) 
thrown [s\open\src\hotspot\share\interpreter\linkResolver.cpp, line 759]
Event: 1.807 Thread 0x0000026db49601d0 Exception <a 'java/lang/NoSuchMethodError'{0x000000074d6498f8}: 'java.lang.Object java.lang.invoke.DirectMethodHandle$Holder.invokeStaticInit(java.lang.Object)'> (0x000000074d6498f8) 
thrown [s\open\src\hotspot\share\interpreter\linkResolver.cpp, line 759]
Event: 1.914 Thread 0x0000026db49601d0 Exception <a 'java/lang/NoSuchMethodError'{0x000000074d66bc88}: 'int java.lang.invoke.DirectMethodHandle$Holder.invokeSpecial(java.lang.Object, java.lang.Object, java.lang.Object)'> (0x000000074d66bc88) 
thrown [s\open\src\hotspot\share\interpreter\linkResolver.cpp, line 759]
Event: 2.004 Thread 0x0000026db49601d0 Exception <a 'java/lang/NoSuchMethodError'{0x000000074d70e068}: 'void java.lang.invoke.DirectMethodHandle$Holder.invokeStatic(java.lang.Object, java.lang.Object, java.lang.Object, java.lang.Object)'> (0x000000074d70e068) 
thrown [s\open\src\hotspot\share\interpreter\linkResolver.cpp, line 759]
Event: 2.005 Thread 0x0000026db49601d0 Exception <a 'java/lang/NoSuchMethodError'{0x000000074d711d10}: 'void java.lang.invoke.DirectMethodHandle$Holder.invokeStaticInit(java.lang.Object, java.lang.Object, java.lang.Object, java.lang.Object)'> (0x000000074d711d10) 
thrown [s\open\src\hotspot\share\interpreter\linkResolver.cpp, line 759]
Event: 2.156 Thread 0x0000026db49601d0 Exception <a 'java/lang/NoSuchMethodError'{0x000000074d401278}: 'java.lang.Object java.lang.invoke.DirectMethodHandle$Holder.invokeInterface(java.lang.Object, java.lang.Object)'> (0x000000074d401278) 
thrown [s\open\src\hotspot\share\interpreter\linkResolver.cpp, line 759]
Event: 2.159 Thread 0x0000026db49601d0 Exception <a 'java/lang/NoSuchMethodError'{0x000000074d40c488}: 'java.lang.Object java.lang.invoke.Invokers$Holder.invokeExact_MT(java.lang.Object, java.lang.Object, java.lang.Object, java.lang.Object, java.lang.Object, java.lang.Object)'> (0x000000074d40c488) 
thrown [s\open\src\hotspot\share\interpreter\linkResolver.cpp, line 759]
Event: 2.732 Thread 0x0000026db49601d0 Exception <a 'java/lang/NoSuchMethodError'{0x000000074dcbeb28}: 'java.lang.Object java.lang.invoke.DirectMethodHandle$Holder.newInvokeSpecial(java.lang.Object, long, int, java.lang.Object)'> (0x000000074dcbeb28) 
thrown [s\open\src\hotspot\share\interpreter\linkResolver.cpp, line 759]
Event: 2.830 Thread 0x0000026db49601d0 Exception <a 'java/lang/NoSuchMethodError'{0x000000074dd86ec0}: 'java.lang.Object java.lang.invoke.DirectMethodHandle$Holder.newInvokeSpecial(java.lang.Object, java.lang.Object, java.lang.Object, java.lang.Object, java.lang.Object)'> (0x000000074dd86ec0) 
thrown [s\open\src\hotspot\share\interpreter\linkResolver.cpp, line 759]
Event: 3.071 Thread 0x0000026db49601d0 Exception <a 'java/lang/NoSuchMethodError'{0x000000074db9f068}: 'int java.lang.invoke.DirectMethodHandle$Holder.invokeStaticInit(java.lang.Object, java.lang.Object, java.lang.Object)'> (0x000000074db9f068) 
thrown [s\open\src\hotspot\share\interpreter\linkResolver.cpp, line 759]

VM Operations (6 events):
Event: 1.078 Executing VM operation: HandshakeAllThreads
Event: 1.078 Executing VM operation: HandshakeAllThreads done
Event: 2.091 Executing VM operation: Cleanup
Event: 2.093 Executing VM operation: Cleanup done
Event: 2.551 Executing VM operation: G1CollectForAllocation
Event: 2.710 Executing VM operation: G1CollectForAllocation done

Events (20 events):
Event: 3.159 loading class java/nio/channels/SeekableByteChannel done
Event: 3.159 loading class java/nio/channels/GatheringByteChannel
Event: 3.159 loading class java/nio/channels/GatheringByteChannel done
Event: 3.159 loading class java/nio/channels/ScatteringByteChannel
Event: 3.159 loading class java/nio/channels/ScatteringByteChannel done
Event: 3.159 loading class java/nio/channels/spi/AbstractInterruptibleChannel
Event: 3.159 loading class java/nio/channels/InterruptibleChannel
Event: 3.159 loading class java/nio/channels/InterruptibleChannel done
Event: 3.159 loading class java/nio/channels/spi/AbstractInterruptibleChannel done
Event: 3.159 loading class java/nio/channels/FileChannel done
Event: 3.159 loading class sun/nio/ch/FileChannelImpl done
Event: 3.160 loading class java/nio/file/attribute/FileAttribute
Event: 3.160 loading class java/nio/file/attribute/FileAttribute done
Event: 3.160 loading class sun/nio/ch/IOUtil
Event: 3.160 loading class sun/nio/ch/IOUtil done
Event: 3.162 loading class sun/nio/ch/NativeThreadSet
Event: 3.162 loading class sun/nio/ch/NativeThreadSet done
Event: 3.162 loading class sun/nio/ch/FileDispatcherImpl
Event: 3.162 loading class sun/nio/ch/FileDispatcher
Event: 3.162 loading class sun/nio/ch/NativeDispatcher


Dynamic libraries:
0x00007ff69caa0000 - 0x00007ff69cab0000 	C:\Program Files\Java\jdk-17\bin\java.exe
0x00007ffb245d0000 - 0x00007ffb247c8000 	C:\Windows\SYSTEM32\ntdll.dll
0x00007ffb23750000 - 0x00007ffb23812000 	C:\Windows\System32\KERNEL32.DLL
0x00007ffb21e70000 - 0x00007ffb22166000 	C:\Windows\System32\KERNELBASE.dll
0x00007ffb222c0000 - 0x00007ffb223c0000 	C:\Windows\System32\ucrtbase.dll
0x00007ffb059a0000 - 0x00007ffb059b9000 	C:\Program Files\Java\jdk-17\bin\jli.dll
0x00007ffb24210000 - 0x00007ffb242c1000 	C:\Windows\System32\ADVAPI32.dll
0x00007ffb24170000 - 0x00007ffb2420e000 	C:\Windows\System32\msvcrt.dll
0x00007ffb230a0000 - 0x00007ffb2313f000 	C:\Windows\System32\sechost.dll
0x00007ffb23850000 - 0x00007ffb23970000 	C:\Windows\System32\RPCRT4.dll
0x00007ffb21d20000 - 0x00007ffb21d47000 	C:\Windows\System32\bcrypt.dll
0x00007ffb23250000 - 0x00007ffb233ed000 	C:\Windows\System32\USER32.dll
0x00007ffb22290000 - 0x00007ffb222b2000 	C:\Windows\System32\win32u.dll
0x00007ffb22600000 - 0x00007ffb2262b000 	C:\Windows\System32\GDI32.dll
0x00007ffb22170000 - 0x00007ffb22289000 	C:\Windows\System32\gdi32full.dll
0x00007ffb21dd0000 - 0x00007ffb21e6d000 	C:\Windows\System32\msvcp_win.dll
0x00007ffb05980000 - 0x00007ffb0599b000 	C:\Program Files\Java\jdk-17\bin\VCRUNTIME140.dll
0x00007ffb06090000 - 0x00007ffb0632b000 	C:\Windows\WinSxS\amd64_microsoft.windows.common-controls_6595b64144ccf1df_6.0.19041.6280_none_60bc30a171f2f3f3\COMCTL32.dll
0x00007ffb18fa0000 - 0x00007ffb18faa000 	C:\Windows\SYSTEM32\VERSION.dll
0x00007ffb23820000 - 0x00007ffb2384f000 	C:\Windows\System32\IMM32.DLL
0x00007ffb1b9b0000 - 0x00007ffb1b9bc000 	C:\Program Files\Java\jdk-17\bin\vcruntime140_1.dll
0x00007ffb03e30000 - 0x00007ffb03ebe000 	C:\Program Files\Java\jdk-17\bin\msvcp140.dll
0x00007ffad1e40000 - 0x00007ffad2a20000 	C:\Program Files\Java\jdk-17\bin\server\jvm.dll
0x00007ffb242d0000 - 0x00007ffb242d8000 	C:\Windows\System32\PSAPI.DLL
0x00007ffb01780000 - 0x00007ffb01789000 	C:\Windows\SYSTEM32\WSOCK32.dll
0x00007ffb226e0000 - 0x00007ffb2274b000 	C:\Windows\System32\WS2_32.dll
0x00007ffb0e480000 - 0x00007ffb0e4a7000 	C:\Windows\SYSTEM32\WINMM.dll
0x00007ffb20490000 - 0x00007ffb204a2000 	C:\Windows\SYSTEM32\kernel.appcore.dll
0x00007ffb1a680000 - 0x00007ffb1a68a000 	C:\Program Files\Java\jdk-17\bin\jimage.dll
0x00007ffb1d140000 - 0x00007ffb1d341000 	C:\Windows\SYSTEM32\DBGHELP.DLL
0x00007ffb04da0000 - 0x00007ffb04dd4000 	C:\Windows\SYSTEM32\dbgcore.DLL
0x00007ffb22410000 - 0x00007ffb22492000 	C:\Windows\System32\bcryptPrimitives.dll
0x00007ffb03e00000 - 0x00007ffb03e25000 	C:\Program Files\Java\jdk-17\bin\java.dll
0x00007ffae7db0000 - 0x00007ffae7e87000 	C:\Program Files\Java\jdk-17\bin\jsvml.dll
0x00007ffb22750000 - 0x00007ffb22ec0000 	C:\Windows\System32\SHELL32.dll
0x00007ffb1c8c0000 - 0x00007ffb1d065000 	C:\Windows\SYSTEM32\windows.storage.dll
0x00007ffb233f0000 - 0x00007ffb23743000 	C:\Windows\System32\combase.dll
0x00007ffb21630000 - 0x00007ffb2165b000 	C:\Windows\SYSTEM32\Wldp.dll
0x00007ffb23980000 - 0x00007ffb23a4d000 	C:\Windows\System32\OLEAUT32.dll
0x00007ffb22630000 - 0x00007ffb226dd000 	C:\Windows\System32\SHCORE.dll
0x00007ffb231f0000 - 0x00007ffb2324b000 	C:\Windows\System32\shlwapi.dll
0x00007ffb21ba0000 - 0x00007ffb21bc4000 	C:\Windows\SYSTEM32\profapi.dll
0x00007ffb05960000 - 0x00007ffb05979000 	C:\Program Files\Java\jdk-17\bin\net.dll
0x00007ffb15390000 - 0x00007ffb1549a000 	C:\Windows\SYSTEM32\WINHTTP.dll
0x00007ffb21330000 - 0x00007ffb2139a000 	C:\Windows\system32\mswsock.dll
0x00007ffb03de0000 - 0x00007ffb03df6000 	C:\Program Files\Java\jdk-17\bin\nio.dll
0x00007ffae7d90000 - 0x00007ffae7da8000 	C:\Program Files\Java\jdk-17\bin\zip.dll
0x00007ffb18430000 - 0x00007ffb1843a000 	C:\Program Files\Java\jdk-17\bin\management.dll
0x00007ffb03dd0000 - 0x00007ffb03ddb000 	C:\Program Files\Java\jdk-17\bin\management_ext.dll

dbghelp: loaded successfully - version: 4.0.5 - missing functions: none
symbol engine: initialized successfully - sym options: 0x614 - pdb path: .;C:\Program Files\Java\jdk-17\bin;C:\Windows\SYSTEM32;C:\Windows\WinSxS\amd64_microsoft.windows.common-controls_6595b64144ccf1df_6.0.19041.6280_none_60bc30a171f2f3f3;C:\Program Files\Java\jdk-17\bin\server

VM Arguments:
jvm_args: -Dfile.encoding=UTF-8 -Ddb2.jcc.charsetDecoderEncoder=3 
java_command: com.ibm.db2.server.DssLauncher 3000 off c:\Users\user\AppData\Roaming\Code\logs\20251006T160952\window2\exthost\IBM.db2forzosdeveloperextension -Xmx256M
java_class_path (initial): c:\Users\user\.vscode\extensions\ibm.db2forzosdeveloperextension-2.2.3\dist\dss-dist-2.2.3.jar;;c:\Users\user\.vscode\extensions\ibm.db2forzosdeveloperextension-2.2.3\lib\db2jcc4.jar;c:\Users\user\.vscode\extensions\ibm.db2forzosdeveloperextension-2.2.3\lib\sqlj4.zip
Launcher Type: SUN_STANDARD

[Global flags]
     intx CICompilerCount                          = 3                                         {product} {ergonomic}
     uint ConcGCThreads                            = 1                                         {product} {ergonomic}
     uint G1ConcRefinementThreads                  = 4                                         {product} {ergonomic}
   size_t G1HeapRegionSize                         = 2097152                                   {product} {ergonomic}
    uintx GCDrainStackTargetSize                   = 64                                        {product} {ergonomic}
   size_t InitialHeapSize                          = 201326592                                 {product} {ergonomic}
   size_t MarkStackSize                            = 4194304                                   {product} {ergonomic}
   size_t MaxHeapSize                              = 3189768192                                {product} {ergonomic}
   size_t MaxNewSize                               = 1912602624                                {product} {ergonomic}
   size_t MinHeapDeltaBytes                        = 2097152                                   {product} {ergonomic}
   size_t MinHeapSize                              = 8388608                                   {product} {ergonomic}
    uintx NonNMethodCodeHeapSize                   = 5832780                                {pd product} {ergonomic}
    uintx NonProfiledCodeHeapSize                  = 122912730                              {pd product} {ergonomic}
    uintx ProfiledCodeHeapSize                     = 122912730                              {pd product} {ergonomic}
    uintx ReservedCodeCacheSize                    = 251658240                              {pd product} {ergonomic}
     bool SegmentedCodeCache                       = true                                      {product} {ergonomic}
   size_t SoftMaxHeapSize                          = 3189768192                             {manageable} {ergonomic}
     bool UseCompressedClassPointers               = true                           {product lp64_product} {ergonomic}
     bool UseCompressedOops                        = true                           {product lp64_product} {ergonomic}
     bool UseG1GC                                  = true                                      {product} {ergonomic}
     bool UseLargePagesIndividualAllocation        = false                                  {pd product} {ergonomic}

Logging:
Log output configuration:
 #0: stdout all=warning uptime,level,tags
 #1: stderr all=off uptime,level,tags

Environment Variables:
JAVA_HOME=C:\Program Files\Java\jdk-17
PATH=C:\Users\user\Desktop\BrainInk-Backend\users_micro\venv\Scripts;C:\Program Files\Common Files\Oracle\Java\javapath;C:\Program Files (x86)\Common Files\Oracle\Java\java8path;C:\Program Files (x86)\Common Files\Oracle\Java\javapath;C:\Program Files\Eclipse Adoptium\jdk-21.0.5.11-hotspot\bin;C:\Users\user\AppData\Local\Programs\Python\Python312\Scripts\;C:\Users\user\AppData\Local\Programs\Python\Python312\;C:\Program Files (x86)\NVIDIA Corporation\PhysX\Common;C:\Program Files (x86)\Common Files\Intel\Shared Libraries\redist\intel64_win\compiler;C:\Windows\system32;C:\Windows;C:\Windows\System32\Wbem;C:\Windows\System32\WindowsPowerShell\v1.0\;C:\Windows\System32\OpenSSH\;C:\Program Files\Microsoft SQL Server\120\Tools\Binn\;C:\Program Files\Common Files\Autodesk Shared\;C:\Program Files (x86)\Intel\Intel(R) Management Engine Components\DAL;C:\Program Files\Intel\Intel(R) Management Engine Components\DAL;C:\Program Files\Git\cmd;C:\Program Files (x86)\nodejs\;C:\ProgramData\chocolatey\bin;C:\Program Files\PuTTY\;C:\Program Files\Docker\Docker\resources\bin;C:\Program Files (x86)\Windows Kits\10\Windows Performance Toolkit\;C:\Users\user\Desktop\FDx SDK Pro for Windows v4.3.1_J1.12\FDx SDK Pro for Windows v4.3.1\bin\x64\;C:\Program Files\dotnet\;C:\Program Files\Java\jdk-17\bin;C:\gradle-8.13\bin;C:\Users\user\AppData\flutter_windows_3.29.2-stable\flutter\bin;C:\Users\user\AppData\flutter_windows_3.29.2-stable\flutter\bin\cache\dart-sdk\bin;C:\Users\user\AppData\Local\Android\Sdk\platform-tools;C:\Users\user\AppData\Local\Android\Sdk\tools;C:\Users\user\AppData\Local\Android\Sdk\tools\bin;C:\Users\user\AppData\Local\Android\Sdk\cmdline-tools\latest\bin;C:\Program Files\GTK3-Runtime Win64\bin;C:\Program Files\GTK3-Runtime Win64\bin;C:\Program Files\Go\bin;C:\Users\user\AppData\Local\Programs\Python\Python311\;C:\Users\user\AppData\Local\Programs\Python\Python311\python.exe;C:\Users\user\AppData\Local\Programs\Python\Python311\Scripts\;C:\Users\user\AppData\Local\Progr
USERNAME=Branis
OS=Windows_NT
PROCESSOR_IDENTIFIER=Intel64 Family 6 Model 78 Stepping 3, GenuineIntel



---------------  S Y S T E M  ---------------

OS:
 Windows 10 , 64 bit Build 19041 (10.0.19041.5915)
OS uptime: 0 days 0:03 hours

CPU: total 4 (initial active 4) (2 cores per cpu, 2 threads per core) family 6 model 78 stepping 3 microcode 0xf0, cx8, cmov, fxsr, ht, mmx, 3dnowpref, sse, sse2, sse3, ssse3, sse4.1, sse4.2, popcnt, lzcnt, tsc, tscinvbit, avx, avx2, aes, erms, clmul, bmi1, bmi2, rtm, adx, fma, vzeroupper, clflush, clflushopt

Memory: 4k page, system-wide physical 12167M (2089M free)
TotalPageFile size 12167M (AvailPageFile size 16M)
current process WorkingSet (physical memory assigned to process): 61M, peak: 61M
current process commit charge ("private bytes"): 278M, peak: 278M

vm_info: Java HotSpot(TM) 64-Bit Server VM (17.0.12+8-LTS-286) for windows-amd64 JRE (17.0.12+8-LTS-286), built on Jun  5 2024 06:46:59 by "mach5one" with MS VC++ 17.6 (VS2022)

END.
